[2026-03-04T02:45:16.618Z] 
→ Starting: Bootstrap Documentation
[2026-03-04T02:45:16.619Z] [DEBUG] Step0bBootstrapDocs.execute()
[2026-03-04T02:45:16.619Z] ════════════════════════════════════════════════════════════
[2026-03-04T02:45:16.619Z] 🔷  Step 0b: Documentation Gap Analysis and Generation
[2026-03-04T02:45:16.619Z] ════════════════════════════════════════════════════════════
[2026-03-04T02:45:16.619Z] Phase 1: Gathering project statistics...
[2026-03-04T02:45:16.619Z] [DEBUG] Gathering project statistics by scanning files...
[2026-03-04T02:45:16.619Z] [DEBUG] Listing all files in the project directory...
[2026-03-04T02:45:16.619Z] [DEBUG] Project root: /home/mpb/Documents/GitHub/olinda_utils.js
[2026-03-04T02:45:16.621Z] [DEBUG] Total files found: 91
[2026-03-04T02:45:16.621Z] [DEBUG] Converting to relative paths...
[2026-03-04T02:45:16.622Z] Project has 56 documentation files and 14 source files
[2026-03-04T02:45:16.622Z] README.md size: 4394 bytes, Has CHANGELOG: true, Has docs/ directory: true
[2026-03-04T02:45:16.622Z] Phase 2: Evaluating documentation coverage...
[2026-03-04T02:45:16.622Z] Step 0b: Documentation coverage adequate - no bootstrap needed
[2026-03-04T02:45:16.622Z] ✓ Step step_0b completed in 4ms
[2026-03-04T02:45:16.622Z] [DEBUG] [Performance] step_0b: 4ms
[2026-03-04T02:45:16.622Z] [DEBUG] Recorded outcome for step_0b: success
[2026-03-04T02:45:16.622Z] ✓ Completed: Bootstrap Documentation (0s)
