[2026-03-04T02:45:55.787Z] 
→ Starting: Documentation Optimization
[2026-03-04T02:45:55.787Z] Documentation optimization initialized
[2026-03-04T02:45:55.787Z] ════════════════════════════════════════════════════════════
[2026-03-04T02:45:55.787Z] 🔷  Step 2.5: Documentation Optimization
[2026-03-04T02:45:55.787Z] ════════════════════════════════════════════════════════════
[2026-03-04T02:45:55.788Z] Phase 1: Heuristics Analysis (7 files)
[2026-03-04T02:45:55.788Z] Calculating content hashes...
[2026-03-04T02:45:55.788Z] Found 0 duplicate groups (0 redundant files)
[2026-03-04T02:45:55.788Z] Analyzing document similarity...
[2026-03-04T02:45:55.793Z] Found 0 redundant pairs above 80% similarity
[2026-03-04T02:45:55.793Z] Found 0 exact duplicates, 0 redundant pairs
[2026-03-04T02:45:55.793Z] Phase 2: Git History Analysis
[2026-03-04T02:45:55.793Z] Analyzing git history for 7 files...
[2026-03-04T02:45:55.828Z] Completed git analysis for 7 files
[2026-03-04T02:45:55.828Z] Found 0 outdated files
[2026-03-04T02:45:55.828Z] Phase 3: Version Reference Analysis
[2026-03-04T02:45:55.829Z] Detected version from package.json: 0.3.6
[2026-03-04T02:45:55.829Z] Analyzing version references in 7 files (current: 0.3.6)...
[2026-03-04T02:45:55.831Z] Completed version analysis for 7 files
[2026-03-04T02:45:55.831Z] Version analysis complete (0 total outdated)
[2026-03-04T02:45:55.831Z] Phase 4: AI Edge Case Analysis (skipped - no AI analyzer)
[2026-03-04T02:45:55.831Z] Phase 5: Optimization Summary
[2026-03-04T02:45:55.831Z] 
📊 Analysis Results:
───────────────────
  Total files analyzed: 7
  Exact duplicates: 0
  Redundant pairs: 0
  Outdated files: 0
  Files to optimize: 0

[2026-03-04T02:45:55.831Z] No optimizations needed
[2026-03-04T02:45:55.831Z] ✓ Workflow complete (0s)
[2026-03-04T02:45:55.831Z] ✓ Step step_02_5 completed in 44ms
[2026-03-04T02:45:55.831Z] [DEBUG] [Performance] step_02_5: 44ms
[2026-03-04T02:45:55.831Z] [DEBUG] Recorded outcome for step_02_5: success
[2026-03-04T02:45:55.831Z] ✓ Completed: Documentation Optimization (0s)
