[2026-03-04T02:45:16.587Z] 
→ Starting: Pre-Analysis
[2026-03-04T02:45:16.587Z] ════════════════════════════════════════════════════════════
[2026-03-04T02:45:16.587Z] 🔷  Step 0: Pre-Analysis - Analyzing Recent Changes
[2026-03-04T02:45:16.587Z] ════════════════════════════════════════════════════════════
[2026-03-04T02:45:16.603Z] Commits ahead of remote: 0
[2026-03-04T02:45:16.603Z] Modified files: 10
[2026-03-04T02:45:16.606Z] ✓ Project kind from config: nodejs_automation (configured)
[2026-03-04T02:45:16.614Z] ✓ Pre-analysis complete:
  • Commits ahead: 0
  • Modified files: 10
  • Change scope: full-stack
  • Documentation: 3 files
  • Tests: 1 files
  • Source: 2 files
  • Config: 0 files
  • Project kind: nodejs_automation (100% confidence)

[2026-03-04T02:45:16.618Z] ✓ Step step_00 completed in 31ms
[2026-03-04T02:45:16.618Z] [DEBUG] [Performance] step_00: 31ms
[2026-03-04T02:45:16.618Z] [DEBUG] Recorded outcome for step_00: success
[2026-03-04T02:45:16.618Z] ✓ Completed: Pre-Analysis (0s)
