[2026-03-04T00:17:58.465Z] 
→ Starting: Pre-Analysis
[2026-03-04T00:17:58.465Z] ════════════════════════════════════════════════════════════
[2026-03-04T00:17:58.465Z] 🔷  Step 0: Pre-Analysis - Analyzing Recent Changes
[2026-03-04T00:17:58.465Z] ════════════════════════════════════════════════════════════
[2026-03-04T00:17:58.480Z] Commits ahead of remote: 0
[2026-03-04T00:17:58.480Z] Modified files: 4
[2026-03-04T00:17:58.483Z] ✓ Project kind from config: nodejs_automation (configured)
[2026-03-04T00:17:58.492Z] ✓ Pre-analysis complete:
  • Commits ahead: 0
  • Modified files: 4
  • Change scope: documentation-only
  • Documentation: 1 files
  • Tests: 0 files
  • Source: 0 files
  • Config: 0 files
  • Project kind: nodejs_automation (100% confidence)

[2026-03-04T00:17:58.496Z] ✓ Step step_00 completed in 31ms
[2026-03-04T00:17:58.497Z] [DEBUG] [Performance] step_00: 31ms
[2026-03-04T00:17:58.497Z] [DEBUG] Recorded outcome for step_00: success
[2026-03-04T00:17:58.497Z] ✓ Completed: Pre-Analysis (0s)
