[2026-03-04T00:17:58.497Z] 
→ Starting: Bootstrap Documentation
[2026-03-04T00:17:58.497Z] [DEBUG] Step0bBootstrapDocs.execute()
[2026-03-04T00:17:58.497Z] ════════════════════════════════════════════════════════════
[2026-03-04T00:17:58.497Z] 🔷  Step 0b: Documentation Gap Analysis and Generation
[2026-03-04T00:17:58.497Z] ════════════════════════════════════════════════════════════
[2026-03-04T00:17:58.497Z] Phase 1: Gathering project statistics...
[2026-03-04T00:17:58.497Z] [DEBUG] Gathering project statistics by scanning files...
[2026-03-04T00:17:58.497Z] [DEBUG] Listing all files in the project directory...
[2026-03-04T00:17:58.497Z] [DEBUG] Project root: /home/mpb/Documents/GitHub/olinda_utils.js
[2026-03-04T00:17:58.499Z] [DEBUG] Total files found: 141
[2026-03-04T00:17:58.499Z] [DEBUG] Converting to relative paths...
[2026-03-04T00:17:58.501Z] Project has 106 documentation files and 14 source files
[2026-03-04T00:17:58.501Z] README.md size: 3584 bytes, Has CHANGELOG: true, Has docs/ directory: true
[2026-03-04T00:17:58.501Z] Phase 2: Evaluating documentation coverage...
[2026-03-04T00:17:58.501Z] Step 0b: Documentation coverage adequate - no bootstrap needed
[2026-03-04T00:17:58.501Z] ✓ Step step_0b completed in 4ms
[2026-03-04T00:17:58.501Z] [DEBUG] [Performance] step_0b: 4ms
[2026-03-04T00:17:58.501Z] [DEBUG] Recorded outcome for step_0b: success
[2026-03-04T00:17:58.501Z] ✓ Completed: Bootstrap Documentation (0s)
