[2026-03-04T00:26:43.425Z] 
→ Starting: Bootstrap Documentation
[2026-03-04T00:26:43.425Z] [DEBUG] Step0bBootstrapDocs.execute()
[2026-03-04T00:26:43.425Z] ════════════════════════════════════════════════════════════
[2026-03-04T00:26:43.425Z] 🔷  Step 0b: Documentation Gap Analysis and Generation
[2026-03-04T00:26:43.425Z] ════════════════════════════════════════════════════════════
[2026-03-04T00:26:43.425Z] Phase 1: Gathering project statistics...
[2026-03-04T00:26:43.425Z] [DEBUG] Gathering project statistics by scanning files...
[2026-03-04T00:26:43.425Z] [DEBUG] Listing all files in the project directory...
[2026-03-04T00:26:43.425Z] [DEBUG] Project root: /home/mpb/Documents/GitHub/olinda_utils.js
[2026-03-04T00:26:43.427Z] [DEBUG] Total files found: 152
[2026-03-04T00:26:43.427Z] [DEBUG] Converting to relative paths...
[2026-03-04T00:26:43.428Z] Project has 117 documentation files and 14 source files
[2026-03-04T00:26:43.428Z] README.md size: 3584 bytes, Has CHANGELOG: true, Has docs/ directory: true
[2026-03-04T00:26:43.428Z] Phase 2: Evaluating documentation coverage...
[2026-03-04T00:26:43.428Z] Step 0b: Documentation coverage adequate - no bootstrap needed
[2026-03-04T00:26:43.429Z] ✓ Step step_0b completed in 4ms
[2026-03-04T00:26:43.429Z] [DEBUG] [Performance] step_0b: 4ms
[2026-03-04T00:26:43.429Z] [DEBUG] Recorded outcome for step_0b: success
[2026-03-04T00:26:43.429Z] ✓ Completed: Bootstrap Documentation (0s)
