[2026-03-04T00:26:43.391Z] 
→ Starting: Pre-Analysis
[2026-03-04T00:26:43.391Z] ════════════════════════════════════════════════════════════
[2026-03-04T00:26:43.391Z] 🔷  Step 0: Pre-Analysis - Analyzing Recent Changes
[2026-03-04T00:26:43.391Z] ════════════════════════════════════════════════════════════
[2026-03-04T00:26:43.407Z] Commits ahead of remote: 0
[2026-03-04T00:26:43.407Z] Modified files: 4
[2026-03-04T00:26:43.411Z] ✓ Project kind from config: nodejs_automation (configured)
[2026-03-04T00:26:43.420Z] ✓ Pre-analysis complete:
  • Commits ahead: 0
  • Modified files: 4
  • Change scope: documentation-only
  • Documentation: 1 files
  • Tests: 0 files
  • Source: 0 files
  • Config: 0 files
  • Project kind: nodejs_automation (100% confidence)

[2026-03-04T00:26:43.424Z] ✓ Step step_00 completed in 33ms
[2026-03-04T00:26:43.425Z] [DEBUG] [Performance] step_00: 33ms
[2026-03-04T00:26:43.425Z] [DEBUG] Recorded outcome for step_00: success
[2026-03-04T00:26:43.425Z] ✓ Completed: Pre-Analysis (0s)
