[2026-03-03T22:53:49.619Z] 
→ Starting: Documentation Optimization
[2026-03-03T22:53:49.620Z] Documentation optimization initialized
[2026-03-03T22:53:49.620Z] ════════════════════════════════════════════════════════════
[2026-03-03T22:53:49.620Z] 🔷  Step 2.5: Documentation Optimization
[2026-03-03T22:53:49.620Z] ════════════════════════════════════════════════════════════
[2026-03-03T22:53:49.620Z] Phase 1: Heuristics Analysis (6 files)
[2026-03-03T22:53:49.621Z] Calculating content hashes...
[2026-03-03T22:53:49.621Z] Found 0 duplicate groups (0 redundant files)
[2026-03-03T22:53:49.621Z] Analyzing document similarity...
[2026-03-03T22:53:49.624Z] Found 0 redundant pairs above 80% similarity
[2026-03-03T22:53:49.624Z] Found 0 exact duplicates, 0 redundant pairs
[2026-03-03T22:53:49.624Z] Phase 2: Git History Analysis
[2026-03-03T22:53:49.624Z] Analyzing git history for 6 files...
[2026-03-03T22:53:49.650Z] Completed git analysis for 6 files
[2026-03-03T22:53:49.651Z] Found 0 outdated files
[2026-03-03T22:53:49.651Z] Phase 3: Version Reference Analysis
[2026-03-03T22:53:49.652Z] Detected version from package.json: 0.3.1
[2026-03-03T22:53:49.652Z] Analyzing version references in 6 files (current: 0.3.1)...
[2026-03-03T22:53:49.653Z] Completed version analysis for 6 files
[2026-03-03T22:53:49.653Z] Version analysis complete (0 total outdated)
[2026-03-03T22:53:49.653Z] Phase 4: AI Edge Case Analysis (skipped - no AI analyzer)
[2026-03-03T22:53:49.653Z] Phase 5: Optimization Summary
[2026-03-03T22:53:49.653Z] 
📊 Analysis Results:
───────────────────
  Total files analyzed: 6
  Exact duplicates: 0
  Redundant pairs: 0
  Outdated files: 0
  Files to optimize: 0

[2026-03-03T22:53:49.653Z] No optimizations needed
[2026-03-03T22:53:49.653Z] ✓ Workflow complete (0s)
[2026-03-03T22:53:49.653Z] ✓ Step step_02_5 completed in 34ms
[2026-03-03T22:53:49.653Z] [DEBUG] [Performance] step_02_5: 34ms
[2026-03-03T22:53:49.653Z] [DEBUG] Recorded outcome for step_02_5: success
[2026-03-03T22:53:49.653Z] ✓ Completed: Documentation Optimization (0s)
