[2026-03-03T22:53:33.018Z] 
→ Starting: Bootstrap Documentation
[2026-03-03T22:53:33.018Z] [DEBUG] Step0bBootstrapDocs.execute()
[2026-03-03T22:53:33.018Z] ════════════════════════════════════════════════════════════
[2026-03-03T22:53:33.018Z] 🔷  Step 0b: Documentation Gap Analysis and Generation
[2026-03-03T22:53:33.018Z] ════════════════════════════════════════════════════════════
[2026-03-03T22:53:33.018Z] Phase 1: Gathering project statistics...
[2026-03-03T22:53:33.018Z] [DEBUG] Gathering project statistics by scanning files...
[2026-03-03T22:53:33.018Z] [DEBUG] Listing all files in the project directory...
[2026-03-03T22:53:33.018Z] [DEBUG] Project root: /home/mpb/Documents/GitHub/olinda_utils.js
[2026-03-03T22:53:33.019Z] [DEBUG] Total files found: 89
[2026-03-03T22:53:33.019Z] [DEBUG] Converting to relative paths...
[2026-03-03T22:53:33.020Z] Project has 57 documentation files and 13 source files
[2026-03-03T22:53:33.020Z] README.md size: 3584 bytes, Has CHANGELOG: true, Has docs/ directory: true
[2026-03-03T22:53:33.020Z] Phase 2: Evaluating documentation coverage...
[2026-03-03T22:53:33.020Z] Step 0b: Documentation coverage adequate - no bootstrap needed
[2026-03-03T22:53:33.020Z] ✓ Step step_0b completed in 2ms
[2026-03-03T22:53:33.020Z] [DEBUG] [Performance] step_0b: 2ms
[2026-03-03T22:53:33.020Z] [DEBUG] Recorded outcome for step_0b: success
[2026-03-03T22:53:33.020Z] ✓ Completed: Bootstrap Documentation (0s)
