[2026-03-03T22:53:32.985Z] 
→ Starting: Pre-Analysis
[2026-03-03T22:53:32.985Z] ════════════════════════════════════════════════════════════
[2026-03-03T22:53:32.985Z] 🔷  Step 0: Pre-Analysis - Analyzing Recent Changes
[2026-03-03T22:53:32.985Z] ════════════════════════════════════════════════════════════
[2026-03-03T22:53:33.000Z] Commits ahead of remote: 0
[2026-03-03T22:53:33.000Z] Modified files: 1
[2026-03-03T22:53:33.004Z] ✓ Project kind from config: nodejs_automation (configured)
[2026-03-03T22:53:33.013Z] ✓ Pre-analysis complete:
  • Commits ahead: 0
  • Modified files: 1
  • Change scope: configuration
  • Documentation: 0 files
  • Tests: 0 files
  • Source: 0 files
  • Config: 1 files
  • Project kind: nodejs_automation (100% confidence)

[2026-03-03T22:53:33.017Z] ✓ Step step_00 completed in 32ms
[2026-03-03T22:53:33.017Z] [DEBUG] [Performance] step_00: 32ms
[2026-03-03T22:53:33.018Z] [DEBUG] Recorded outcome for step_00: success
[2026-03-03T22:53:33.018Z] ✓ Completed: Pre-Analysis (0s)
