[2026-03-03T14:48:32.510Z] 
→ Starting: Pre-Analysis
[2026-03-03T14:48:32.511Z] ════════════════════════════════════════════════════════════
[2026-03-03T14:48:32.511Z] 🔷  Step 0: Pre-Analysis - Analyzing Recent Changes
[2026-03-03T14:48:32.511Z] ════════════════════════════════════════════════════════════
[2026-03-03T14:48:32.545Z] Commits ahead of remote: 0
[2026-03-03T14:48:32.545Z] Modified files: 34
[2026-03-03T14:48:32.553Z] ✓ Project kind from config: nodejs_automation (configured)
[2026-03-03T14:48:32.569Z] ✓ Pre-analysis complete:
  • Commits ahead: 0
  • Modified files: 34
  • Change scope: full-stack
  • Documentation: 2 files
  • Tests: 1 files
  • Source: 2 files
  • Config: 29 files
  • Project kind: nodejs_automation (100% confidence)

[2026-03-03T14:48:32.582Z] ✓ Step step_00 completed in 72ms
[2026-03-03T14:48:32.582Z] [DEBUG] [Performance] step_00: 73ms
[2026-03-03T14:48:32.583Z] [DEBUG] Recorded outcome for step_00: success
[2026-03-03T14:48:32.583Z] ✓ Completed: Pre-Analysis (0s)
