[2026-03-07T21:29:10.056Z] 
→ Starting: Bootstrap Documentation
[2026-03-07T21:29:10.057Z] [DEBUG] Step0bBootstrapDocs.execute()
[2026-03-07T21:29:10.057Z] ════════════════════════════════════════════════════════════
[2026-03-07T21:29:10.057Z] 🔷  Step 0b: Documentation Gap Analysis and Generation
[2026-03-07T21:29:10.057Z] ════════════════════════════════════════════════════════════
[2026-03-07T21:29:10.057Z] Phase 1: Gathering project statistics...
[2026-03-07T21:29:10.057Z] [DEBUG] Gathering project statistics by scanning files...
[2026-03-07T21:29:10.057Z] [DEBUG] Listing all files in the project directory...
[2026-03-07T21:29:10.057Z] [DEBUG] Project root: /home/mpb/Documents/GitHub/olinda_utils.js
[2026-03-07T21:29:10.086Z] [DEBUG] Total files found: 156
[2026-03-07T21:29:10.086Z] [DEBUG] Converting to relative paths...
[2026-03-07T21:29:10.089Z] Project has 119 documentation files and 14 source files
[2026-03-07T21:29:10.089Z] README.md size: 4410 bytes, Has CHANGELOG: true, Has docs/ directory: true
[2026-03-07T21:29:10.089Z] Phase 2: Evaluating documentation coverage...
[2026-03-07T21:29:10.089Z] Step 0b: Documentation coverage adequate - no bootstrap needed
[2026-03-07T21:29:10.090Z] ✓ Step step_0b completed in 35ms
[2026-03-07T21:29:10.091Z] [DEBUG] [Performance] step_0b: 36ms
[2026-03-07T21:29:10.091Z] [DEBUG] Recorded outcome for step_0b: success
[2026-03-07T21:29:10.091Z] ✓ Completed: Bootstrap Documentation (0s)
