[2026-03-07T21:31:19.960Z] 
→ Starting: Documentation Optimization
[2026-03-07T21:31:19.961Z] Documentation optimization initialized
[2026-03-07T21:31:19.961Z] ════════════════════════════════════════════════════════════
[2026-03-07T21:31:19.961Z] 🔷  Step 2.5: Documentation Optimization
[2026-03-07T21:31:19.961Z] ════════════════════════════════════════════════════════════
[2026-03-07T21:31:20.001Z] Phase 1: Heuristics Analysis (7 files)
[2026-03-07T21:31:20.006Z] Calculating content hashes...
[2026-03-07T21:31:20.007Z] Found 0 duplicate groups (0 redundant files)
[2026-03-07T21:31:20.007Z] Analyzing document similarity...
[2026-03-07T21:31:20.017Z] Found 0 redundant pairs above 80% similarity
[2026-03-07T21:31:20.017Z] Found 0 exact duplicates, 0 redundant pairs
[2026-03-07T21:31:20.017Z] Phase 2: Git History Analysis
[2026-03-07T21:31:20.018Z] Analyzing git history for 7 files...
[2026-03-07T21:31:20.132Z] Completed git analysis for 7 files
[2026-03-07T21:31:20.132Z] Found 0 outdated files
[2026-03-07T21:31:20.132Z] Phase 3: Version Reference Analysis
[2026-03-07T21:31:20.134Z] Detected version from package.json: 0.3.9
[2026-03-07T21:31:20.134Z] Analyzing version references in 7 files (current: 0.3.9)...
[2026-03-07T21:31:20.139Z] Completed version analysis for 7 files
[2026-03-07T21:31:20.140Z] Version analysis complete (0 total outdated)
[2026-03-07T21:31:20.140Z] Phase 4: AI Edge Case Analysis (skipped - no AI analyzer)
[2026-03-07T21:31:20.140Z] Phase 5: Optimization Summary
[2026-03-07T21:31:20.140Z] 
📊 Analysis Results:
───────────────────
  Total files analyzed: 7
  Exact duplicates: 0
  Redundant pairs: 0
  Outdated files: 0
  Files to optimize: 0

[2026-03-07T21:31:20.140Z] No optimizations needed
[2026-03-07T21:31:20.140Z] ✓ Workflow complete (0s)
[2026-03-07T21:31:20.140Z] ✓ Step step_02_5 completed in 180ms
[2026-03-07T21:31:20.141Z] [DEBUG] [Performance] step_02_5: 180ms
[2026-03-07T21:31:20.141Z] [DEBUG] Recorded outcome for step_02_5: success
[2026-03-07T21:31:20.141Z] ✓ Completed: Documentation Optimization (0s)
