[2026-03-07T21:29:09.929Z] 
→ Starting: Pre-Analysis
[2026-03-07T21:29:09.930Z] ════════════════════════════════════════════════════════════
[2026-03-07T21:29:09.930Z] 🔷  Step 0: Pre-Analysis - Analyzing Recent Changes
[2026-03-07T21:29:09.930Z] ════════════════════════════════════════════════════════════
[2026-03-07T21:29:09.968Z] Commits ahead of remote: 0
[2026-03-07T21:29:09.968Z] Modified files: 1
[2026-03-07T21:29:10.001Z] ✓ Project kind from config: nodejs_automation (configured)
[2026-03-07T21:29:10.040Z] ✓ Pre-analysis complete:
  • Commits ahead: 0
  • Modified files: 1
  • Change scope: mixed-changes
  • Documentation: 0 files
  • Tests: 0 files
  • Source: 0 files
  • Config: 0 files
  • Project kind: nodejs_automation (100% confidence)

[2026-03-07T21:29:10.053Z] ✓ Step step_00 completed in 125ms
[2026-03-07T21:29:10.054Z] [DEBUG] [Performance] step_00: 126ms
[2026-03-07T21:29:10.055Z] [DEBUG] Recorded outcome for step_00: success
[2026-03-07T21:29:10.055Z] ✓ Completed: Pre-Analysis (0s)
