[2026-03-04T01:31:00.093Z] 
→ Starting: Bootstrap Documentation
[2026-03-04T01:31:00.093Z] [DEBUG] Step0bBootstrapDocs.execute()
[2026-03-04T01:31:00.093Z] ════════════════════════════════════════════════════════════
[2026-03-04T01:31:00.093Z] 🔷  Step 0b: Documentation Gap Analysis and Generation
[2026-03-04T01:31:00.093Z] ════════════════════════════════════════════════════════════
[2026-03-04T01:31:00.093Z] Phase 1: Gathering project statistics...
[2026-03-04T01:31:00.093Z] [DEBUG] Gathering project statistics by scanning files...
[2026-03-04T01:31:00.093Z] [DEBUG] Listing all files in the project directory...
[2026-03-04T01:31:00.093Z] [DEBUG] Project root: /home/mpb/Documents/GitHub/olinda_utils.js
[2026-03-04T01:31:00.095Z] [DEBUG] Total files found: 49
[2026-03-04T01:31:00.095Z] [DEBUG] Converting to relative paths...
[2026-03-04T01:31:00.096Z] Project has 14 documentation files and 14 source files
[2026-03-04T01:31:00.096Z] README.md size: 4394 bytes, Has CHANGELOG: true, Has docs/ directory: true
[2026-03-04T01:31:00.096Z] Phase 2: Evaluating documentation coverage...
[2026-03-04T01:31:00.096Z] Step 0b: Documentation coverage adequate - no bootstrap needed
[2026-03-04T01:31:00.096Z] ✓ Step step_0b completed in 3ms
[2026-03-04T01:31:00.096Z] [DEBUG] [Performance] step_0b: 3ms
[2026-03-04T01:31:00.096Z] [DEBUG] Recorded outcome for step_0b: success
[2026-03-04T01:31:00.096Z] ✓ Completed: Bootstrap Documentation (0s)
