[2026-03-04T01:31:00.057Z] 
→ Starting: Pre-Analysis
[2026-03-04T01:31:00.057Z] ════════════════════════════════════════════════════════════
[2026-03-04T01:31:00.057Z] 🔷  Step 0: Pre-Analysis - Analyzing Recent Changes
[2026-03-04T01:31:00.057Z] ════════════════════════════════════════════════════════════
[2026-03-04T01:31:00.073Z] Commits ahead of remote: 0
[2026-03-04T01:31:00.073Z] Modified files: 62
[2026-03-04T01:31:00.078Z] ✓ Project kind from config: nodejs_automation (configured)
[2026-03-04T01:31:00.086Z] ✓ Pre-analysis complete:
  • Commits ahead: 0
  • Modified files: 62
  • Change scope: full-stack
  • Documentation: 2 files
  • Tests: 2 files
  • Source: 2 files
  • Config: 0 files
  • Project kind: nodejs_automation (100% confidence)

[2026-03-04T01:31:00.091Z] ✓ Step step_00 completed in 35ms
[2026-03-04T01:31:00.092Z] [DEBUG] [Performance] step_00: 36ms
[2026-03-04T01:31:00.092Z] [DEBUG] Recorded outcome for step_00: success
[2026-03-04T01:31:00.092Z] ✓ Completed: Pre-Analysis (0s)
