[2026-03-04T01:11:39.304Z] 
→ Starting: Documentation Optimization
[2026-03-04T01:11:39.304Z] Documentation optimization initialized
[2026-03-04T01:11:39.305Z] ════════════════════════════════════════════════════════════
[2026-03-04T01:11:39.305Z] 🔷  Step 2.5: Documentation Optimization
[2026-03-04T01:11:39.305Z] ════════════════════════════════════════════════════════════
[2026-03-04T01:11:39.305Z] Phase 1: Heuristics Analysis (7 files)
[2026-03-04T01:11:39.307Z] Calculating content hashes...
[2026-03-04T01:11:39.308Z] Found 0 duplicate groups (0 redundant files)
[2026-03-04T01:11:39.308Z] Analyzing document similarity...
[2026-03-04T01:11:39.312Z] Found 0 redundant pairs above 80% similarity
[2026-03-04T01:11:39.313Z] Found 0 exact duplicates, 0 redundant pairs
[2026-03-04T01:11:39.313Z] Phase 2: Git History Analysis
[2026-03-04T01:11:39.313Z] Analyzing git history for 7 files...
[2026-03-04T01:11:39.348Z] Completed git analysis for 7 files
[2026-03-04T01:11:39.348Z] Found 0 outdated files
[2026-03-04T01:11:39.349Z] Phase 3: Version Reference Analysis
[2026-03-04T01:11:39.349Z] Detected version from package.json: 0.3.3
[2026-03-04T01:11:39.349Z] Analyzing version references in 7 files (current: 0.3.3)...
[2026-03-04T01:11:39.351Z] Completed version analysis for 7 files
[2026-03-04T01:11:39.351Z] Version analysis complete (0 total outdated)
[2026-03-04T01:11:39.352Z] Phase 4: AI Edge Case Analysis (skipped - no AI analyzer)
[2026-03-04T01:11:39.352Z] Phase 5: Optimization Summary
[2026-03-04T01:11:39.352Z] 
📊 Analysis Results:
───────────────────
  Total files analyzed: 7
  Exact duplicates: 0
  Redundant pairs: 0
  Outdated files: 0
  Files to optimize: 0

[2026-03-04T01:11:39.352Z] No optimizations needed
[2026-03-04T01:11:39.352Z] ✓ Workflow complete (0s)
[2026-03-04T01:11:39.352Z] ✓ Step step_02_5 completed in 48ms
[2026-03-04T01:11:39.352Z] [DEBUG] [Performance] step_02_5: 48ms
[2026-03-04T01:11:39.352Z] [DEBUG] Recorded outcome for step_02_5: success
[2026-03-04T01:11:39.352Z] ✓ Completed: Documentation Optimization (0s)
