[2026-03-04T01:11:00.078Z] 
→ Starting: Pre-Analysis
[2026-03-04T01:11:00.079Z] ════════════════════════════════════════════════════════════
[2026-03-04T01:11:00.079Z] 🔷  Step 0: Pre-Analysis - Analyzing Recent Changes
[2026-03-04T01:11:00.079Z] ════════════════════════════════════════════════════════════
[2026-03-04T01:11:00.094Z] Commits ahead of remote: 0
[2026-03-04T01:11:00.094Z] Modified files: 351
[2026-03-04T01:11:00.099Z] ✓ Project kind from config: nodejs_automation (configured)
[2026-03-04T01:11:00.106Z] ✓ Pre-analysis complete:
  • Commits ahead: 0
  • Modified files: 351
  • Change scope: documentation-only
  • Documentation: 1 files
  • Tests: 0 files
  • Source: 0 files
  • Config: 0 files
  • Project kind: nodejs_automation (100% confidence)

[2026-03-04T01:11:00.109Z] ✓ Step step_00 completed in 31ms
[2026-03-04T01:11:00.110Z] [DEBUG] [Performance] step_00: 32ms
[2026-03-04T01:11:00.110Z] [DEBUG] Recorded outcome for step_00: success
[2026-03-04T01:11:00.110Z] ✓ Completed: Pre-Analysis (0s)
