[2026-03-04T01:11:00.110Z] 
→ Starting: Bootstrap Documentation
[2026-03-04T01:11:00.110Z] [DEBUG] Step0bBootstrapDocs.execute()
[2026-03-04T01:11:00.110Z] ════════════════════════════════════════════════════════════
[2026-03-04T01:11:00.110Z] 🔷  Step 0b: Documentation Gap Analysis and Generation
[2026-03-04T01:11:00.110Z] ════════════════════════════════════════════════════════════
[2026-03-04T01:11:00.111Z] Phase 1: Gathering project statistics...
[2026-03-04T01:11:00.111Z] [DEBUG] Gathering project statistics by scanning files...
[2026-03-04T01:11:00.111Z] [DEBUG] Listing all files in the project directory...
[2026-03-04T01:11:00.111Z] [DEBUG] Project root: /home/mpb/Documents/GitHub/olinda_utils.js
[2026-03-04T01:11:00.112Z] [DEBUG] Total files found: 49
[2026-03-04T01:11:00.112Z] [DEBUG] Converting to relative paths...
[2026-03-04T01:11:00.112Z] Project has 14 documentation files and 14 source files
[2026-03-04T01:11:00.112Z] README.md size: 3584 bytes, Has CHANGELOG: true, Has docs/ directory: true
[2026-03-04T01:11:00.112Z] Phase 2: Evaluating documentation coverage...
[2026-03-04T01:11:00.112Z] Step 0b: Documentation coverage adequate - no bootstrap needed
[2026-03-04T01:11:00.112Z] ✓ Step step_0b completed in 2ms
[2026-03-04T01:11:00.112Z] [DEBUG] [Performance] step_0b: 2ms
[2026-03-04T01:11:00.112Z] [DEBUG] Recorded outcome for step_0b: success
[2026-03-04T01:11:00.112Z] ✓ Completed: Bootstrap Documentation (0s)
