[2026-03-07T19:56:43.945Z] 
→ Starting: Bootstrap Documentation
[2026-03-07T19:56:43.946Z] [DEBUG] Step0bBootstrapDocs.execute()
[2026-03-07T19:56:43.946Z] ════════════════════════════════════════════════════════════
[2026-03-07T19:56:43.946Z] 🔷  Step 0b: Documentation Gap Analysis and Generation
[2026-03-07T19:56:43.946Z] ════════════════════════════════════════════════════════════
[2026-03-07T19:56:43.946Z] Phase 1: Gathering project statistics...
[2026-03-07T19:56:43.946Z] [DEBUG] Gathering project statistics by scanning files...
[2026-03-07T19:56:43.946Z] [DEBUG] Listing all files in the project directory...
[2026-03-07T19:56:43.946Z] [DEBUG] Project root: /home/mpb/Documents/GitHub/olinda_utils.js
[2026-03-07T19:56:43.980Z] [DEBUG] Total files found: 134
[2026-03-07T19:56:43.980Z] [DEBUG] Converting to relative paths...
[2026-03-07T19:56:43.983Z] Project has 99 documentation files and 14 source files
[2026-03-07T19:56:43.983Z] README.md size: 4410 bytes, Has CHANGELOG: true, Has docs/ directory: true
[2026-03-07T19:56:43.983Z] Phase 2: Evaluating documentation coverage...
[2026-03-07T19:56:43.983Z] Step 0b: Documentation coverage adequate - no bootstrap needed
[2026-03-07T19:56:43.984Z] ✓ Step step_0b completed in 40ms
[2026-03-07T19:56:43.985Z] [DEBUG] [Performance] step_0b: 41ms
[2026-03-07T19:56:43.985Z] [DEBUG] Recorded outcome for step_0b: success
[2026-03-07T19:56:43.985Z] ✓ Completed: Bootstrap Documentation (0s)
