[2026-03-07T19:57:30.951Z] 
→ Starting: Documentation Optimization
[2026-03-07T19:57:30.952Z] Documentation optimization initialized
[2026-03-07T19:57:30.952Z] ════════════════════════════════════════════════════════════
[2026-03-07T19:57:30.952Z] 🔷  Step 2.5: Documentation Optimization
[2026-03-07T19:57:30.952Z] ════════════════════════════════════════════════════════════
[2026-03-07T19:57:30.988Z] Phase 1: Heuristics Analysis (7 files)
[2026-03-07T19:57:30.996Z] Calculating content hashes...
[2026-03-07T19:57:30.997Z] Found 0 duplicate groups (0 redundant files)
[2026-03-07T19:57:30.997Z] Analyzing document similarity...
[2026-03-07T19:57:31.008Z] Found 0 redundant pairs above 80% similarity
[2026-03-07T19:57:31.008Z] Found 0 exact duplicates, 0 redundant pairs
[2026-03-07T19:57:31.008Z] Phase 2: Git History Analysis
[2026-03-07T19:57:31.008Z] Analyzing git history for 7 files...
[2026-03-07T19:57:31.124Z] Completed git analysis for 7 files
[2026-03-07T19:57:31.124Z] Found 0 outdated files
[2026-03-07T19:57:31.125Z] Phase 3: Version Reference Analysis
[2026-03-07T19:57:31.125Z] Detected version from package.json: 0.3.8
[2026-03-07T19:57:31.126Z] Analyzing version references in 7 files (current: 0.3.8)...
[2026-03-07T19:57:31.131Z] Completed version analysis for 7 files
[2026-03-07T19:57:31.131Z] Version analysis complete (0 total outdated)
[2026-03-07T19:57:31.131Z] Phase 4: AI Edge Case Analysis (skipped - no AI analyzer)
[2026-03-07T19:57:31.131Z] Phase 5: Optimization Summary
[2026-03-07T19:57:31.131Z] 
📊 Analysis Results:
───────────────────
  Total files analyzed: 7
  Exact duplicates: 0
  Redundant pairs: 0
  Outdated files: 0
  Files to optimize: 0

[2026-03-07T19:57:31.131Z] No optimizations needed
[2026-03-07T19:57:31.131Z] ✓ Workflow complete (0s)
[2026-03-07T19:57:31.131Z] ✓ Step step_02_5 completed in 181ms
[2026-03-07T19:57:31.132Z] [DEBUG] [Performance] step_02_5: 182ms
[2026-03-07T19:57:31.132Z] [DEBUG] Recorded outcome for step_02_5: success
[2026-03-07T19:57:31.132Z] ✓ Completed: Documentation Optimization (0s)
