[2026-03-07T19:56:43.809Z] 
→ Starting: Pre-Analysis
[2026-03-07T19:56:43.810Z] ════════════════════════════════════════════════════════════
[2026-03-07T19:56:43.810Z] 🔷  Step 0: Pre-Analysis - Analyzing Recent Changes
[2026-03-07T19:56:43.810Z] ════════════════════════════════════════════════════════════
[2026-03-07T19:56:43.845Z] Commits ahead of remote: 0
[2026-03-07T19:56:43.845Z] Modified files: 3
[2026-03-07T19:56:43.881Z] ✓ Project kind from config: nodejs_automation (configured)
[2026-03-07T19:56:43.932Z] ✓ Pre-analysis complete:
  • Commits ahead: 0
  • Modified files: 3
  • Change scope: mixed-changes
  • Documentation: 1 files
  • Tests: 0 files
  • Source: 0 files
  • Config: 1 files
  • Project kind: nodejs_automation (100% confidence)

[2026-03-07T19:56:43.943Z] ✓ Step step_00 completed in 135ms
[2026-03-07T19:56:43.943Z] [DEBUG] [Performance] step_00: 135ms
[2026-03-07T19:56:43.944Z] [DEBUG] Recorded outcome for step_00: success
[2026-03-07T19:56:43.944Z] ✓ Completed: Pre-Analysis (0s)
