[2026-03-04T00:43:19.012Z] 
→ Starting: Bootstrap Documentation
[2026-03-04T00:43:19.013Z] [DEBUG] Step0bBootstrapDocs.execute()
[2026-03-04T00:43:19.013Z] ════════════════════════════════════════════════════════════
[2026-03-04T00:43:19.013Z] 🔷  Step 0b: Documentation Gap Analysis and Generation
[2026-03-04T00:43:19.013Z] ════════════════════════════════════════════════════════════
[2026-03-04T00:43:19.013Z] Phase 1: Gathering project statistics...
[2026-03-04T00:43:19.013Z] [DEBUG] Gathering project statistics by scanning files...
[2026-03-04T00:43:19.013Z] [DEBUG] Listing all files in the project directory...
[2026-03-04T00:43:19.013Z] [DEBUG] Project root: /home/mpb/Documents/GitHub/olinda_utils.js
[2026-03-04T00:43:19.015Z] [DEBUG] Total files found: 163
[2026-03-04T00:43:19.015Z] [DEBUG] Converting to relative paths...
[2026-03-04T00:43:19.016Z] Project has 128 documentation files and 14 source files
[2026-03-04T00:43:19.017Z] README.md size: 3584 bytes, Has CHANGELOG: true, Has docs/ directory: true
[2026-03-04T00:43:19.017Z] Phase 2: Evaluating documentation coverage...
[2026-03-04T00:43:19.017Z] Step 0b: Documentation coverage adequate - no bootstrap needed
[2026-03-04T00:43:19.017Z] ✓ Step step_0b completed in 5ms
[2026-03-04T00:43:19.017Z] [DEBUG] [Performance] step_0b: 5ms
[2026-03-04T00:43:19.017Z] [DEBUG] Recorded outcome for step_0b: success
[2026-03-04T00:43:19.017Z] ✓ Completed: Bootstrap Documentation (0s)
