[2026-03-04T00:43:18.978Z] 
→ Starting: Pre-Analysis
[2026-03-04T00:43:18.978Z] ════════════════════════════════════════════════════════════
[2026-03-04T00:43:18.978Z] 🔷  Step 0: Pre-Analysis - Analyzing Recent Changes
[2026-03-04T00:43:18.978Z] ════════════════════════════════════════════════════════════
[2026-03-04T00:43:18.993Z] Commits ahead of remote: 0
[2026-03-04T00:43:18.993Z] Modified files: 4
[2026-03-04T00:43:18.995Z] ✓ Project kind from config: nodejs_automation (configured)
[2026-03-04T00:43:19.007Z] ✓ Pre-analysis complete:
  • Commits ahead: 0
  • Modified files: 4
  • Change scope: documentation-only
  • Documentation: 1 files
  • Tests: 0 files
  • Source: 0 files
  • Config: 0 files
  • Project kind: nodejs_automation (100% confidence)

[2026-03-04T00:43:19.011Z] ✓ Step step_00 completed in 34ms
[2026-03-04T00:43:19.011Z] [DEBUG] [Performance] step_00: 34ms
[2026-03-04T00:43:19.012Z] [DEBUG] Recorded outcome for step_00: success
[2026-03-04T00:43:19.012Z] ✓ Completed: Pre-Analysis (0s)
