[2026-03-04T00:43:38.301Z] 
→ Starting: Documentation Optimization
[2026-03-04T00:43:38.301Z] Documentation optimization initialized
[2026-03-04T00:43:38.301Z] ════════════════════════════════════════════════════════════
[2026-03-04T00:43:38.301Z] 🔷  Step 2.5: Documentation Optimization
[2026-03-04T00:43:38.301Z] ════════════════════════════════════════════════════════════
[2026-03-04T00:43:38.302Z] Phase 1: Heuristics Analysis (6 files)
[2026-03-04T00:43:38.303Z] Calculating content hashes...
[2026-03-04T00:43:38.303Z] Found 0 duplicate groups (0 redundant files)
[2026-03-04T00:43:38.303Z] Analyzing document similarity...
[2026-03-04T00:43:38.307Z] Found 0 redundant pairs above 80% similarity
[2026-03-04T00:43:38.307Z] Found 0 exact duplicates, 0 redundant pairs
[2026-03-04T00:43:38.307Z] Phase 2: Git History Analysis
[2026-03-04T00:43:38.307Z] Analyzing git history for 6 files...
[2026-03-04T00:43:38.336Z] Completed git analysis for 6 files
[2026-03-04T00:43:38.336Z] Found 0 outdated files
[2026-03-04T00:43:38.336Z] Phase 3: Version Reference Analysis
[2026-03-04T00:43:38.337Z] Detected version from package.json: 0.3.2
[2026-03-04T00:43:38.337Z] Analyzing version references in 6 files (current: 0.3.2)...
[2026-03-04T00:43:38.339Z] Completed version analysis for 6 files
[2026-03-04T00:43:38.339Z] Version analysis complete (0 total outdated)
[2026-03-04T00:43:38.339Z] Phase 4: AI Edge Case Analysis (skipped - no AI analyzer)
[2026-03-04T00:43:38.339Z] Phase 5: Optimization Summary
[2026-03-04T00:43:38.339Z] 
📊 Analysis Results:
───────────────────
  Total files analyzed: 6
  Exact duplicates: 0
  Redundant pairs: 0
  Outdated files: 0
  Files to optimize: 0

[2026-03-04T00:43:38.339Z] No optimizations needed
[2026-03-04T00:43:38.339Z] ✓ Workflow complete (0s)
[2026-03-04T00:43:38.339Z] ✓ Step step_02_5 completed in 39ms
[2026-03-04T00:43:38.339Z] [DEBUG] [Performance] step_02_5: 39ms
[2026-03-04T00:43:38.339Z] [DEBUG] Recorded outcome for step_02_5: success
[2026-03-04T00:43:38.339Z] ✓ Completed: Documentation Optimization (0s)
