[2026-03-03T21:16:05.993Z] 
→ Starting: Documentation Optimization
[2026-03-03T21:16:05.993Z] Documentation optimization initialized
[2026-03-03T21:16:05.994Z] ════════════════════════════════════════════════════════════
[2026-03-03T21:16:05.994Z] 🔷  Step 2.5: Documentation Optimization
[2026-03-03T21:16:05.994Z] ════════════════════════════════════════════════════════════
[2026-03-03T21:16:05.994Z] Phase 1: Heuristics Analysis (6 files)
[2026-03-03T21:16:05.996Z] Calculating content hashes...
[2026-03-03T21:16:05.996Z] Found 0 duplicate groups (0 redundant files)
[2026-03-03T21:16:05.996Z] Analyzing document similarity...
[2026-03-03T21:16:06.001Z] Found 0 redundant pairs above 80% similarity
[2026-03-03T21:16:06.001Z] Found 0 exact duplicates, 0 redundant pairs
[2026-03-03T21:16:06.001Z] Phase 2: Git History Analysis
[2026-03-03T21:16:06.001Z] Analyzing git history for 6 files...
[2026-03-03T21:16:06.037Z] Completed git analysis for 6 files
[2026-03-03T21:16:06.037Z] Found 0 outdated files
[2026-03-03T21:16:06.037Z] Phase 3: Version Reference Analysis
[2026-03-03T21:16:06.038Z] Detected version from package.json: 0.3.0
[2026-03-03T21:16:06.038Z] Analyzing version references in 6 files (current: 0.3.0)...
[2026-03-03T21:16:06.040Z] Completed version analysis for 6 files
[2026-03-03T21:16:06.040Z] Version analysis complete (0 total outdated)
[2026-03-03T21:16:06.040Z] Phase 4: AI Edge Case Analysis (skipped - no AI analyzer)
[2026-03-03T21:16:06.041Z] Phase 5: Optimization Summary
[2026-03-03T21:16:06.041Z] 
📊 Analysis Results:
───────────────────
  Total files analyzed: 6
  Exact duplicates: 0
  Redundant pairs: 0
  Outdated files: 0
  Files to optimize: 0

[2026-03-03T21:16:06.041Z] No optimizations needed
[2026-03-03T21:16:06.041Z] ✓ Workflow complete (0s)
[2026-03-03T21:16:06.041Z] ✓ Step step_02_5 completed in 49ms
[2026-03-03T21:16:06.041Z] [DEBUG] [Performance] step_02_5: 49ms
[2026-03-03T21:16:06.041Z] [DEBUG] Recorded outcome for step_02_5: success
[2026-03-03T21:16:06.041Z] ✓ Completed: Documentation Optimization (0s)
