[2026-03-03T21:15:10.187Z] 
→ Starting: Bootstrap Documentation
[2026-03-03T21:15:10.187Z] [DEBUG] Step0bBootstrapDocs.execute()
[2026-03-03T21:15:10.187Z] ════════════════════════════════════════════════════════════
[2026-03-03T21:15:10.187Z] 🔷  Step 0b: Documentation Gap Analysis and Generation
[2026-03-03T21:15:10.187Z] ════════════════════════════════════════════════════════════
[2026-03-03T21:15:10.187Z] Phase 1: Gathering project statistics...
[2026-03-03T21:15:10.187Z] [DEBUG] Gathering project statistics by scanning files...
[2026-03-03T21:15:10.187Z] [DEBUG] Listing all files in the project directory...
[2026-03-03T21:15:10.187Z] [DEBUG] Project root: /home/mpb/Documents/GitHub/olinda_utils.js
[2026-03-03T21:15:10.188Z] [DEBUG] Total files found: 69
[2026-03-03T21:15:10.188Z] [DEBUG] Converting to relative paths...
[2026-03-03T21:15:10.189Z] Project has 37 documentation files and 13 source files
[2026-03-03T21:15:10.189Z] README.md size: 3584 bytes, Has CHANGELOG: true, Has docs/ directory: true
[2026-03-03T21:15:10.189Z] Phase 2: Evaluating documentation coverage...
[2026-03-03T21:15:10.189Z] Step 0b: Documentation coverage adequate - no bootstrap needed
[2026-03-03T21:15:10.189Z] ✓ Step step_0b completed in 3ms
[2026-03-03T21:15:10.189Z] [DEBUG] [Performance] step_0b: 3ms
[2026-03-03T21:15:10.189Z] [DEBUG] Recorded outcome for step_0b: success
[2026-03-03T21:15:10.189Z] ✓ Completed: Bootstrap Documentation (0s)
