[2026-03-03T21:15:10.154Z] 
→ Starting: Pre-Analysis
[2026-03-03T21:15:10.155Z] ════════════════════════════════════════════════════════════
[2026-03-03T21:15:10.155Z] 🔷  Step 0: Pre-Analysis - Analyzing Recent Changes
[2026-03-03T21:15:10.155Z] ════════════════════════════════════════════════════════════
[2026-03-03T21:15:10.170Z] Commits ahead of remote: 0
[2026-03-03T21:15:10.171Z] Modified files: 1
[2026-03-03T21:15:10.175Z] ✓ Project kind from config: nodejs_automation (configured)
[2026-03-03T21:15:10.182Z] ✓ Pre-analysis complete:
  • Commits ahead: 0
  • Modified files: 1
  • Change scope: configuration
  • Documentation: 0 files
  • Tests: 0 files
  • Source: 0 files
  • Config: 1 files
  • Project kind: nodejs_automation (100% confidence)

[2026-03-03T21:15:10.186Z] ✓ Step step_00 completed in 32ms
[2026-03-03T21:15:10.186Z] [DEBUG] [Performance] step_00: 32ms
[2026-03-03T21:15:10.186Z] [DEBUG] Recorded outcome for step_00: success
[2026-03-03T21:15:10.186Z] ✓ Completed: Pre-Analysis (0s)
