[2026-03-03T23:53:46.423Z] 
→ Starting: Pre-Analysis
[2026-03-03T23:53:46.423Z] ════════════════════════════════════════════════════════════
[2026-03-03T23:53:46.423Z] 🔷  Step 0: Pre-Analysis - Analyzing Recent Changes
[2026-03-03T23:53:46.423Z] ════════════════════════════════════════════════════════════
[2026-03-03T23:53:46.438Z] Commits ahead of remote: 0
[2026-03-03T23:53:46.438Z] Modified files: 3
[2026-03-03T23:53:46.442Z] ✓ Project kind from config: nodejs_automation (configured)
[2026-03-03T23:53:46.450Z] ✓ Pre-analysis complete:
  • Commits ahead: 0
  • Modified files: 3
  • Change scope: mixed-changes
  • Documentation: 0 files
  • Tests: 0 files
  • Source: 0 files
  • Config: 0 files
  • Project kind: nodejs_automation (100% confidence)

[2026-03-03T23:53:46.454Z] ✓ Step step_00 completed in 32ms
[2026-03-03T23:53:46.454Z] [DEBUG] [Performance] step_00: 32ms
[2026-03-03T23:53:46.454Z] [DEBUG] Recorded outcome for step_00: success
[2026-03-03T23:53:46.454Z] ✓ Completed: Pre-Analysis (0s)
