[2026-03-03T16:56:06.589Z] 
→ Starting: Pre-Analysis
[2026-03-03T16:56:06.590Z] ════════════════════════════════════════════════════════════
[2026-03-03T16:56:06.590Z] 🔷  Step 0: Pre-Analysis - Analyzing Recent Changes
[2026-03-03T16:56:06.590Z] ════════════════════════════════════════════════════════════
[2026-03-03T16:56:06.623Z] Commits ahead of remote: 0
[2026-03-03T16:56:06.624Z] Modified files: 1
[2026-03-03T16:56:06.634Z] ✓ Project kind from config: nodejs_automation (configured)
[2026-03-03T16:56:06.648Z] ✓ Pre-analysis complete:
  • Commits ahead: 0
  • Modified files: 1
  • Change scope: configuration
  • Documentation: 0 files
  • Tests: 0 files
  • Source: 0 files
  • Config: 1 files
  • Project kind: nodejs_automation (100% confidence)

[2026-03-03T16:56:06.660Z] ✓ Step step_00 completed in 72ms
[2026-03-03T16:56:06.661Z] [DEBUG] [Performance] step_00: 73ms
[2026-03-03T16:56:06.661Z] [DEBUG] Recorded outcome for step_00: success
[2026-03-03T16:56:06.661Z] ✓ Completed: Pre-Analysis (0s)
