[2026-03-03T16:56:06.662Z] 
→ Starting: Bootstrap Documentation
[2026-03-03T16:56:06.663Z] [DEBUG] Step0bBootstrapDocs.execute()
[2026-03-03T16:56:06.663Z] ════════════════════════════════════════════════════════════
[2026-03-03T16:56:06.663Z] 🔷  Step 0b: Documentation Gap Analysis and Generation
[2026-03-03T16:56:06.663Z] ════════════════════════════════════════════════════════════
[2026-03-03T16:56:06.663Z] Phase 1: Gathering project statistics...
[2026-03-03T16:56:06.663Z] [DEBUG] Gathering project statistics by scanning files...
[2026-03-03T16:56:06.663Z] [DEBUG] Listing all files in the project directory...
[2026-03-03T16:56:06.663Z] [DEBUG] Project root: /home/mpb/Documents/GitHub/olinda_utils.js
[2026-03-03T16:56:06.668Z] [DEBUG] Total files found: 61
[2026-03-03T16:56:06.669Z] [DEBUG] Converting to relative paths...
[2026-03-03T16:56:06.670Z] Project has 31 documentation files and 11 source files
[2026-03-03T16:56:06.670Z] README.md size: 3584 bytes, Has CHANGELOG: true, Has docs/ directory: true
[2026-03-03T16:56:06.670Z] Phase 2: Evaluating documentation coverage...
[2026-03-03T16:56:06.670Z] Step 0b: Documentation coverage adequate - no bootstrap needed
[2026-03-03T16:56:06.671Z] ✓ Step step_0b completed in 9ms
[2026-03-03T16:56:06.671Z] [DEBUG] [Performance] step_0b: 9ms
[2026-03-03T16:56:06.671Z] [DEBUG] Recorded outcome for step_0b: success
[2026-03-03T16:56:06.671Z] ✓ Completed: Bootstrap Documentation (0s)
