[2026-03-07T22:30:42.185Z] 
→ Starting: Documentation Optimization
[2026-03-07T22:30:42.185Z] Documentation optimization initialized
[2026-03-07T22:30:42.186Z] ════════════════════════════════════════════════════════════
[2026-03-07T22:30:42.186Z] 🔷  Step 2.5: Documentation Optimization
[2026-03-07T22:30:42.186Z] ════════════════════════════════════════════════════════════
[2026-03-07T22:30:42.195Z] Phase 1: Heuristics Analysis (7 files)
[2026-03-07T22:30:42.196Z] Calculating content hashes...
[2026-03-07T22:30:42.197Z] Found 0 duplicate groups (0 redundant files)
[2026-03-07T22:30:42.197Z] Analyzing document similarity...
[2026-03-07T22:30:42.201Z] Found 0 redundant pairs above 80% similarity
[2026-03-07T22:30:42.201Z] Found 0 exact duplicates, 0 redundant pairs
[2026-03-07T22:30:42.201Z] Phase 2: Git History Analysis
[2026-03-07T22:30:42.201Z] Analyzing git history for 7 files...
[2026-03-07T22:30:42.248Z] Completed git analysis for 7 files
[2026-03-07T22:30:42.248Z] Found 0 outdated files
[2026-03-07T22:30:42.248Z] Phase 3: Version Reference Analysis
[2026-03-07T22:30:42.248Z] Detected version from package.json: 0.3.10
[2026-03-07T22:30:42.248Z] Analyzing version references in 7 files (current: 0.3.10)...
[2026-03-07T22:30:42.250Z] Completed version analysis for 7 files
[2026-03-07T22:30:42.250Z] Version analysis complete (0 total outdated)
[2026-03-07T22:30:42.250Z] Phase 4: AI Edge Case Analysis (skipped - no AI analyzer)
[2026-03-07T22:30:42.250Z] Phase 5: Optimization Summary
[2026-03-07T22:30:42.250Z] 
📊 Analysis Results:
───────────────────
  Total files analyzed: 7
  Exact duplicates: 0
  Redundant pairs: 0
  Outdated files: 0
  Files to optimize: 0

[2026-03-07T22:30:42.250Z] No optimizations needed
[2026-03-07T22:30:42.250Z] ✓ Workflow complete (0s)
[2026-03-07T22:30:42.250Z] ✓ Step step_02_5 completed in 65ms
[2026-03-07T22:30:42.250Z] [DEBUG] [Performance] step_02_5: 65ms
[2026-03-07T22:30:42.250Z] [DEBUG] Recorded outcome for step_02_5: success
[2026-03-07T22:30:42.250Z] ✓ Completed: Documentation Optimization (0s)
