[2026-03-07T22:29:40.251Z] 
→ Starting: Bootstrap Documentation
[2026-03-07T22:29:40.252Z] [DEBUG] Step0bBootstrapDocs.execute()
[2026-03-07T22:29:40.252Z] ════════════════════════════════════════════════════════════
[2026-03-07T22:29:40.252Z] 🔷  Step 0b: Documentation Gap Analysis and Generation
[2026-03-07T22:29:40.252Z] ════════════════════════════════════════════════════════════
[2026-03-07T22:29:40.252Z] Phase 1: Gathering project statistics...
[2026-03-07T22:29:40.252Z] [DEBUG] Gathering project statistics by scanning files...
[2026-03-07T22:29:40.252Z] [DEBUG] Listing all files in the project directory...
[2026-03-07T22:29:40.252Z] [DEBUG] Project root: /home/mpb/Documents/GitHub/olinda_utils.js
[2026-03-07T22:29:40.256Z] [DEBUG] Total files found: 177
[2026-03-07T22:29:40.256Z] [DEBUG] Converting to relative paths...
[2026-03-07T22:29:40.257Z] Project has 140 documentation files and 14 source files
[2026-03-07T22:29:40.257Z] README.md size: 4412 bytes, Has CHANGELOG: true, Has docs/ directory: true
[2026-03-07T22:29:40.257Z] Phase 2: Evaluating documentation coverage...
[2026-03-07T22:29:40.257Z] Step 0b: Documentation coverage adequate - no bootstrap needed
[2026-03-07T22:29:40.257Z] ✓ Step step_0b completed in 6ms
[2026-03-07T22:29:40.257Z] [DEBUG] [Performance] step_0b: 6ms
[2026-03-07T22:29:40.257Z] [DEBUG] Recorded outcome for step_0b: success
[2026-03-07T22:29:40.257Z] ✓ Completed: Bootstrap Documentation (0s)
