[2026-03-07T22:29:40.202Z] 
→ Starting: Pre-Analysis
[2026-03-07T22:29:40.202Z] ════════════════════════════════════════════════════════════
[2026-03-07T22:29:40.202Z] 🔷  Step 0: Pre-Analysis - Analyzing Recent Changes
[2026-03-07T22:29:40.202Z] ════════════════════════════════════════════════════════════
[2026-03-07T22:29:40.219Z] Commits ahead of remote: 0
[2026-03-07T22:29:40.219Z] Modified files: 2
[2026-03-07T22:29:40.234Z] ✓ Project kind from config: nodejs_automation (configured)
[2026-03-07T22:29:40.247Z] ✓ Pre-analysis complete:
  • Commits ahead: 0
  • Modified files: 2
  • Change scope: source-code
  • Documentation: 0 files
  • Tests: 0 files
  • Source: 1 files
  • Config: 0 files
  • Project kind: nodejs_automation (100% confidence)

[2026-03-07T22:29:40.251Z] ✓ Step step_00 completed in 49ms
[2026-03-07T22:29:40.251Z] [DEBUG] [Performance] step_00: 49ms
[2026-03-07T22:29:40.251Z] [DEBUG] Recorded outcome for step_00: success
[2026-03-07T22:29:40.251Z] ✓ Completed: Pre-Analysis (0s)
