[2026-03-04T00:05:09.928Z] 
→ Starting: Bootstrap Documentation
[2026-03-04T00:05:09.928Z] [DEBUG] Step0bBootstrapDocs.execute()
[2026-03-04T00:05:09.929Z] ════════════════════════════════════════════════════════════
[2026-03-04T00:05:09.929Z] 🔷  Step 0b: Documentation Gap Analysis and Generation
[2026-03-04T00:05:09.929Z] ════════════════════════════════════════════════════════════
[2026-03-04T00:05:09.929Z] Phase 1: Gathering project statistics...
[2026-03-04T00:05:09.929Z] [DEBUG] Gathering project statistics by scanning files...
[2026-03-04T00:05:09.929Z] [DEBUG] Listing all files in the project directory...
[2026-03-04T00:05:09.929Z] [DEBUG] Project root: /home/mpb/Documents/GitHub/olinda_utils.js
[2026-03-04T00:05:09.930Z] [DEBUG] Total files found: 129
[2026-03-04T00:05:09.930Z] [DEBUG] Converting to relative paths...
[2026-03-04T00:05:09.931Z] Project has 94 documentation files and 14 source files
[2026-03-04T00:05:09.931Z] README.md size: 3584 bytes, Has CHANGELOG: true, Has docs/ directory: true
[2026-03-04T00:05:09.931Z] Phase 2: Evaluating documentation coverage...
[2026-03-04T00:05:09.931Z] Step 0b: Documentation coverage adequate - no bootstrap needed
[2026-03-04T00:05:09.931Z] ✓ Step step_0b completed in 3ms
[2026-03-04T00:05:09.931Z] [DEBUG] [Performance] step_0b: 3ms
[2026-03-04T00:05:09.931Z] [DEBUG] Recorded outcome for step_0b: success
[2026-03-04T00:05:09.931Z] ✓ Completed: Bootstrap Documentation (0s)
