[2026-03-04T00:05:09.897Z] 
→ Starting: Pre-Analysis
[2026-03-04T00:05:09.898Z] ════════════════════════════════════════════════════════════
[2026-03-04T00:05:09.898Z] 🔷  Step 0: Pre-Analysis - Analyzing Recent Changes
[2026-03-04T00:05:09.898Z] ════════════════════════════════════════════════════════════
[2026-03-04T00:05:09.913Z] Commits ahead of remote: 0
[2026-03-04T00:05:09.913Z] Modified files: 3
[2026-03-04T00:05:09.916Z] ✓ Project kind from config: nodejs_automation (configured)
[2026-03-04T00:05:09.923Z] ✓ Pre-analysis complete:
  • Commits ahead: 0
  • Modified files: 3
  • Change scope: mixed-changes
  • Documentation: 0 files
  • Tests: 0 files
  • Source: 0 files
  • Config: 0 files
  • Project kind: nodejs_automation (100% confidence)

[2026-03-04T00:05:09.927Z] ✓ Step step_00 completed in 31ms
[2026-03-04T00:05:09.928Z] [DEBUG] [Performance] step_00: 30ms
[2026-03-04T00:05:09.928Z] [DEBUG] Recorded outcome for step_00: success
[2026-03-04T00:05:09.928Z] ✓ Completed: Pre-Analysis (0s)
