[2026-03-04T03:08:07.340Z] 
→ Starting: Pre-Analysis
[2026-03-04T03:08:07.341Z] ════════════════════════════════════════════════════════════
[2026-03-04T03:08:07.341Z] 🔷  Step 0: Pre-Analysis - Analyzing Recent Changes
[2026-03-04T03:08:07.341Z] ════════════════════════════════════════════════════════════
[2026-03-04T03:08:07.357Z] Commits ahead of remote: 0
[2026-03-04T03:08:07.357Z] Modified files: 10
[2026-03-04T03:08:07.360Z] ✓ Project kind from config: nodejs_automation (configured)
[2026-03-04T03:08:07.368Z] ✓ Pre-analysis complete:
  • Commits ahead: 0
  • Modified files: 10
  • Change scope: full-stack
  • Documentation: 3 files
  • Tests: 2 files
  • Source: 1 files
  • Config: 0 files
  • Project kind: nodejs_automation (100% confidence)

[2026-03-04T03:08:07.373Z] ✓ Step step_00 completed in 33ms
[2026-03-04T03:08:07.373Z] [DEBUG] [Performance] step_00: 33ms
[2026-03-04T03:08:07.373Z] [DEBUG] Recorded outcome for step_00: success
[2026-03-04T03:08:07.373Z] ✓ Completed: Pre-Analysis (0s)
