[2026-03-04T03:08:07.374Z] 
→ Starting: Bootstrap Documentation
[2026-03-04T03:08:07.374Z] [DEBUG] Step0bBootstrapDocs.execute()
[2026-03-04T03:08:07.374Z] ════════════════════════════════════════════════════════════
[2026-03-04T03:08:07.374Z] 🔷  Step 0b: Documentation Gap Analysis and Generation
[2026-03-04T03:08:07.374Z] ════════════════════════════════════════════════════════════
[2026-03-04T03:08:07.374Z] Phase 1: Gathering project statistics...
[2026-03-04T03:08:07.374Z] [DEBUG] Gathering project statistics by scanning files...
[2026-03-04T03:08:07.374Z] [DEBUG] Listing all files in the project directory...
[2026-03-04T03:08:07.374Z] [DEBUG] Project root: /home/mpb/Documents/GitHub/olinda_utils.js
[2026-03-04T03:08:07.375Z] [DEBUG] Total files found: 112
[2026-03-04T03:08:07.375Z] [DEBUG] Converting to relative paths...
[2026-03-04T03:08:07.376Z] Project has 77 documentation files and 14 source files
[2026-03-04T03:08:07.376Z] README.md size: 4410 bytes, Has CHANGELOG: true, Has docs/ directory: true
[2026-03-04T03:08:07.376Z] Phase 2: Evaluating documentation coverage...
[2026-03-04T03:08:07.376Z] Step 0b: Documentation coverage adequate - no bootstrap needed
[2026-03-04T03:08:07.376Z] ✓ Step step_0b completed in 3ms
[2026-03-04T03:08:07.376Z] [DEBUG] [Performance] step_0b: 3ms
[2026-03-04T03:08:07.376Z] [DEBUG] Recorded outcome for step_0b: success
[2026-03-04T03:08:07.376Z] ✓ Completed: Bootstrap Documentation (0s)
