[2026-03-04T03:08:39.211Z] 
→ Starting: Documentation Optimization
[2026-03-04T03:08:39.211Z] Documentation optimization initialized
[2026-03-04T03:08:39.211Z] ════════════════════════════════════════════════════════════
[2026-03-04T03:08:39.211Z] 🔷  Step 2.5: Documentation Optimization
[2026-03-04T03:08:39.211Z] ════════════════════════════════════════════════════════════
[2026-03-04T03:08:39.212Z] Phase 1: Heuristics Analysis (7 files)
[2026-03-04T03:08:39.212Z] Calculating content hashes...
[2026-03-04T03:08:39.212Z] Found 0 duplicate groups (0 redundant files)
[2026-03-04T03:08:39.212Z] Analyzing document similarity...
[2026-03-04T03:08:39.217Z] Found 0 redundant pairs above 80% similarity
[2026-03-04T03:08:39.217Z] Found 0 exact duplicates, 0 redundant pairs
[2026-03-04T03:08:39.217Z] Phase 2: Git History Analysis
[2026-03-04T03:08:39.217Z] Analyzing git history for 7 files...
[2026-03-04T03:08:39.258Z] Completed git analysis for 7 files
[2026-03-04T03:08:39.259Z] Found 0 outdated files
[2026-03-04T03:08:39.259Z] Phase 3: Version Reference Analysis
[2026-03-04T03:08:39.259Z] Detected version from package.json: 0.3.7
[2026-03-04T03:08:39.260Z] Analyzing version references in 7 files (current: 0.3.7)...
[2026-03-04T03:08:39.262Z] Completed version analysis for 7 files
[2026-03-04T03:08:39.262Z] Version analysis complete (0 total outdated)
[2026-03-04T03:08:39.262Z] Phase 4: AI Edge Case Analysis (skipped - no AI analyzer)
[2026-03-04T03:08:39.262Z] Phase 5: Optimization Summary
[2026-03-04T03:08:39.262Z] 
📊 Analysis Results:
───────────────────
  Total files analyzed: 7
  Exact duplicates: 0
  Redundant pairs: 0
  Outdated files: 0
  Files to optimize: 0

[2026-03-04T03:08:39.262Z] No optimizations needed
[2026-03-04T03:08:39.262Z] ✓ Workflow complete (0s)
[2026-03-04T03:08:39.262Z] ✓ Step step_02_5 completed in 51ms
[2026-03-04T03:08:39.263Z] [DEBUG] [Performance] step_02_5: 51ms
[2026-03-04T03:08:39.263Z] [DEBUG] Recorded outcome for step_02_5: success
[2026-03-04T03:08:39.263Z] ✓ Completed: Documentation Optimization (0s)
