[2026-03-10T15:02:32.570Z] 
→ Starting: Pre-Analysis
[2026-03-10T15:02:32.570Z] ════════════════════════════════════════════════════════════
[2026-03-10T15:02:32.570Z] 🔷  Step 0: Pre-Analysis - Analyzing Recent Changes
[2026-03-10T15:02:32.570Z] ════════════════════════════════════════════════════════════
[2026-03-10T15:02:32.588Z] Commits ahead of remote: 0
[2026-03-10T15:02:32.588Z] Modified files: 1
[2026-03-10T15:02:32.601Z] ✓ Project kind from config: nodejs_automation (configured)
[2026-03-10T15:02:32.625Z] ✓ Pre-analysis complete:
  • Commits ahead: 0
  • Modified files: 1
  • Change scope: mixed-changes
  • Documentation: 0 files
  • Tests: 0 files
  • Source: 0 files
  • Config: 0 files
  • Project kind: nodejs_automation (100% confidence)

[2026-03-10T15:02:32.629Z] ✓ Step step_00 completed in 59ms
[2026-03-10T15:02:32.629Z] [DEBUG] [Performance] step_00: 59ms
[2026-03-10T15:02:32.629Z] [DEBUG] Recorded outcome for step_00: success
[2026-03-10T15:02:32.629Z] ✓ Completed: Pre-Analysis (0s)
