[2026-03-10T15:02:32.630Z] 
→ Starting: Bootstrap Documentation
[2026-03-10T15:02:32.630Z] [DEBUG] Step0bBootstrapDocs.execute()
[2026-03-10T15:02:32.630Z] ════════════════════════════════════════════════════════════
[2026-03-10T15:02:32.630Z] 🔷  Step 0b: Documentation Gap Analysis and Generation
[2026-03-10T15:02:32.630Z] ════════════════════════════════════════════════════════════
[2026-03-10T15:02:32.630Z] Phase 1: Gathering project statistics...
[2026-03-10T15:02:32.630Z] [DEBUG] Gathering project statistics by scanning files...
[2026-03-10T15:02:32.630Z] [DEBUG] Listing all files in the project directory...
[2026-03-10T15:02:32.630Z] [DEBUG] Project root: /home/mpb/Documents/GitHub/olinda_utils.js
[2026-03-10T15:02:32.641Z] [DEBUG] Total files found: 209
[2026-03-10T15:02:32.641Z] [DEBUG] Converting to relative paths...
[2026-03-10T15:02:32.642Z] Project has 161 documentation files and 25 source files
[2026-03-10T15:02:32.642Z] README.md size: 4412 bytes, Has CHANGELOG: true, Has docs/ directory: true
[2026-03-10T15:02:32.642Z] Phase 2: Evaluating documentation coverage...
[2026-03-10T15:02:32.642Z] Step 0b: Documentation coverage adequate - no bootstrap needed
[2026-03-10T15:02:32.642Z] ✓ Step step_0b completed in 12ms
[2026-03-10T15:02:32.642Z] [DEBUG] [Performance] step_0b: 12ms
[2026-03-10T15:02:32.642Z] [DEBUG] Recorded outcome for step_0b: success
[2026-03-10T15:02:32.642Z] ✓ Completed: Bootstrap Documentation (0s)
