[2026-03-10T15:04:45.577Z] 
→ Starting: Documentation Optimization
[2026-03-10T15:04:45.577Z] Documentation optimization initialized
[2026-03-10T15:04:45.577Z] ════════════════════════════════════════════════════════════
[2026-03-10T15:04:45.577Z] 🔷  Step 2.5: Documentation Optimization
[2026-03-10T15:04:45.577Z] ════════════════════════════════════════════════════════════
[2026-03-10T15:04:45.589Z] Phase 1: Heuristics Analysis (7 files)
[2026-03-10T15:04:45.590Z] Calculating content hashes...
[2026-03-10T15:04:45.590Z] Found 0 duplicate groups (0 redundant files)
[2026-03-10T15:04:45.590Z] Analyzing document similarity...
[2026-03-10T15:04:45.595Z] Found 0 redundant pairs above 80% similarity
[2026-03-10T15:04:45.595Z] Found 0 exact duplicates, 0 redundant pairs
[2026-03-10T15:04:45.595Z] Phase 2: Git History Analysis
[2026-03-10T15:04:45.595Z] Analyzing git history for 7 files...
[2026-03-10T15:04:45.685Z] Completed git analysis for 7 files
[2026-03-10T15:04:45.685Z] Found 0 outdated files
[2026-03-10T15:04:45.685Z] Phase 3: Version Reference Analysis
[2026-03-10T15:04:45.686Z] Detected version from package.json: 0.3.11
[2026-03-10T15:04:45.686Z] Analyzing version references in 7 files (current: 0.3.11)...
[2026-03-10T15:04:45.689Z] Completed version analysis for 7 files
[2026-03-10T15:04:45.689Z] Version analysis complete (0 total outdated)
[2026-03-10T15:04:45.689Z] Phase 4: AI Edge Case Analysis (skipped - no AI analyzer)
[2026-03-10T15:04:45.689Z] Phase 5: Optimization Summary
[2026-03-10T15:04:45.689Z] 
📊 Analysis Results:
───────────────────
  Total files analyzed: 7
  Exact duplicates: 0
  Redundant pairs: 0
  Outdated files: 0
  Files to optimize: 0

[2026-03-10T15:04:45.689Z] No optimizations needed
[2026-03-10T15:04:45.689Z] ✓ Workflow complete (0s)
[2026-03-10T15:04:45.689Z] ✓ Step step_02_5 completed in 112ms
[2026-03-10T15:04:45.690Z] [DEBUG] [Performance] step_02_5: 113ms
[2026-03-10T15:04:45.690Z] [DEBUG] Recorded outcome for step_02_5: success
[2026-03-10T15:04:45.690Z] ✓ Completed: Documentation Optimization (0s)
