[2026-03-04T02:19:21.325Z] 
→ Starting: Bootstrap Documentation
[2026-03-04T02:19:21.325Z] [DEBUG] Step0bBootstrapDocs.execute()
[2026-03-04T02:19:21.325Z] ════════════════════════════════════════════════════════════
[2026-03-04T02:19:21.326Z] 🔷  Step 0b: Documentation Gap Analysis and Generation
[2026-03-04T02:19:21.326Z] ════════════════════════════════════════════════════════════
[2026-03-04T02:19:21.326Z] Phase 1: Gathering project statistics...
[2026-03-04T02:19:21.326Z] [DEBUG] Gathering project statistics by scanning files...
[2026-03-04T02:19:21.326Z] [DEBUG] Listing all files in the project directory...
[2026-03-04T02:19:21.326Z] [DEBUG] Project root: /home/mpb/Documents/GitHub/olinda_utils.js
[2026-03-04T02:19:21.327Z] [DEBUG] Total files found: 70
[2026-03-04T02:19:21.327Z] [DEBUG] Converting to relative paths...
[2026-03-04T02:19:21.327Z] Project has 35 documentation files and 14 source files
[2026-03-04T02:19:21.328Z] README.md size: 4394 bytes, Has CHANGELOG: true, Has docs/ directory: true
[2026-03-04T02:19:21.328Z] Phase 2: Evaluating documentation coverage...
[2026-03-04T02:19:21.328Z] Step 0b: Documentation coverage adequate - no bootstrap needed
[2026-03-04T02:19:21.328Z] ✓ Step step_0b completed in 3ms
[2026-03-04T02:19:21.328Z] [DEBUG] [Performance] step_0b: 3ms
[2026-03-04T02:19:21.328Z] [DEBUG] Recorded outcome for step_0b: success
[2026-03-04T02:19:21.328Z] ✓ Completed: Bootstrap Documentation (0s)
