[2026-03-04T02:19:21.294Z] 
→ Starting: Pre-Analysis
[2026-03-04T02:19:21.294Z] ════════════════════════════════════════════════════════════
[2026-03-04T02:19:21.294Z] 🔷  Step 0: Pre-Analysis - Analyzing Recent Changes
[2026-03-04T02:19:21.294Z] ════════════════════════════════════════════════════════════
[2026-03-04T02:19:21.309Z] Commits ahead of remote: 0
[2026-03-04T02:19:21.309Z] Modified files: 7
[2026-03-04T02:19:21.313Z] ✓ Project kind from config: nodejs_automation (configured)
[2026-03-04T02:19:21.320Z] ✓ Pre-analysis complete:
  • Commits ahead: 0
  • Modified files: 7
  • Change scope: mixed-changes
  • Documentation: 1 files
  • Tests: 2 files
  • Source: 0 files
  • Config: 0 files
  • Project kind: nodejs_automation (100% confidence)

[2026-03-04T02:19:21.324Z] ✓ Step step_00 completed in 31ms
[2026-03-04T02:19:21.325Z] [DEBUG] [Performance] step_00: 30ms
[2026-03-04T02:19:21.325Z] [DEBUG] Recorded outcome for step_00: success
[2026-03-04T02:19:21.325Z] ✓ Completed: Pre-Analysis (0s)
