[2026-03-04T02:21:59.628Z] 
→ Starting: Documentation Optimization
[2026-03-04T02:21:59.628Z] Documentation optimization initialized
[2026-03-04T02:21:59.628Z] ════════════════════════════════════════════════════════════
[2026-03-04T02:21:59.628Z] 🔷  Step 2.5: Documentation Optimization
[2026-03-04T02:21:59.628Z] ════════════════════════════════════════════════════════════
[2026-03-04T02:21:59.629Z] Phase 1: Heuristics Analysis (7 files)
[2026-03-04T02:21:59.632Z] Calculating content hashes...
[2026-03-04T02:21:59.633Z] Found 0 duplicate groups (0 redundant files)
[2026-03-04T02:21:59.633Z] Analyzing document similarity...
[2026-03-04T02:21:59.639Z] Found 0 redundant pairs above 80% similarity
[2026-03-04T02:21:59.639Z] Found 0 exact duplicates, 0 redundant pairs
[2026-03-04T02:21:59.639Z] Phase 2: Git History Analysis
[2026-03-04T02:21:59.639Z] Analyzing git history for 7 files...
[2026-03-04T02:21:59.674Z] Completed git analysis for 7 files
[2026-03-04T02:21:59.674Z] Found 0 outdated files
[2026-03-04T02:21:59.674Z] Phase 3: Version Reference Analysis
[2026-03-04T02:21:59.675Z] Detected version from package.json: 0.3.5
[2026-03-04T02:21:59.675Z] Analyzing version references in 7 files (current: 0.3.5)...
[2026-03-04T02:21:59.677Z] Completed version analysis for 7 files
[2026-03-04T02:21:59.678Z] Version analysis complete (0 total outdated)
[2026-03-04T02:21:59.678Z] Phase 4: AI Edge Case Analysis (skipped - no AI analyzer)
[2026-03-04T02:21:59.678Z] Phase 5: Optimization Summary
[2026-03-04T02:21:59.678Z] 
📊 Analysis Results:
───────────────────
  Total files analyzed: 7
  Exact duplicates: 0
  Redundant pairs: 0
  Outdated files: 0
  Files to optimize: 0

[2026-03-04T02:21:59.678Z] No optimizations needed
[2026-03-04T02:21:59.678Z] ✓ Workflow complete (0s)
[2026-03-04T02:21:59.678Z] ✓ Step step_02_5 completed in 51ms
[2026-03-04T02:21:59.678Z] [DEBUG] [Performance] step_02_5: 51ms
[2026-03-04T02:21:59.678Z] [DEBUG] Recorded outcome for step_02_5: success
[2026-03-04T02:21:59.678Z] ✓ Completed: Documentation Optimization (0s)
