[2026-03-03T16:15:54.959Z] 
→ Starting: Pre-Analysis
[2026-03-03T16:15:54.960Z] ════════════════════════════════════════════════════════════
[2026-03-03T16:15:54.960Z] 🔷  Step 0: Pre-Analysis - Analyzing Recent Changes
[2026-03-03T16:15:54.960Z] ════════════════════════════════════════════════════════════
[2026-03-03T16:15:54.993Z] Commits ahead of remote: 0
[2026-03-03T16:15:54.994Z] Modified files: 70
[2026-03-03T16:15:55.004Z] ✓ Project kind from config: nodejs_automation (configured)
[2026-03-03T16:15:55.020Z] ✓ Pre-analysis complete:
  • Commits ahead: 0
  • Modified files: 70
  • Change scope: mixed-changes
  • Documentation: 3 files
  • Tests: 3 files
  • Source: 0 files
  • Config: 5 files
  • Project kind: nodejs_automation (100% confidence)

[2026-03-03T16:15:55.031Z] ✓ Step step_00 completed in 73ms
[2026-03-03T16:15:55.032Z] [DEBUG] [Performance] step_00: 74ms
[2026-03-03T16:15:55.033Z] [DEBUG] Recorded outcome for step_00: success
[2026-03-03T16:15:55.033Z] ✓ Completed: Pre-Analysis (0s)
