[2026-03-03T16:17:52.876Z] 
→ Starting: Documentation Optimization
[2026-03-03T16:17:52.877Z] Documentation optimization initialized
[2026-03-03T16:17:52.877Z] ════════════════════════════════════════════════════════════
[2026-03-03T16:17:52.877Z] 🔷  Step 2.5: Documentation Optimization
[2026-03-03T16:17:52.877Z] ════════════════════════════════════════════════════════════
[2026-03-03T16:17:52.878Z] Phase 1: Heuristics Analysis (5 files)
[2026-03-03T16:17:52.879Z] Calculating content hashes...
[2026-03-03T16:17:52.880Z] Found 0 duplicate groups (0 redundant files)
[2026-03-03T16:17:52.880Z] Analyzing document similarity...
[2026-03-03T16:17:52.887Z] Found 0 redundant pairs above 80% similarity
[2026-03-03T16:17:52.887Z] Found 0 exact duplicates, 0 redundant pairs
[2026-03-03T16:17:52.887Z] Phase 2: Git History Analysis
[2026-03-03T16:17:52.887Z] Analyzing git history for 5 files...
[2026-03-03T16:17:52.934Z] Completed git analysis for 5 files
[2026-03-03T16:17:52.935Z] Found 0 outdated files
[2026-03-03T16:17:52.935Z] Phase 3: Version Reference Analysis
[2026-03-03T16:17:52.936Z] Detected version from package.json: 0.2.0
[2026-03-03T16:17:52.936Z] Analyzing version references in 5 files (current: 0.2.0)...
[2026-03-03T16:17:52.940Z] Completed version analysis for 5 files
[2026-03-03T16:17:52.940Z] Version analysis complete (0 total outdated)
[2026-03-03T16:17:52.941Z] Phase 4: AI Edge Case Analysis (skipped - no AI analyzer)
[2026-03-03T16:17:52.941Z] Phase 5: Optimization Summary
[2026-03-03T16:17:52.941Z] 
📊 Analysis Results:
───────────────────
  Total files analyzed: 5
  Exact duplicates: 0
  Redundant pairs: 0
  Outdated files: 0
  Files to optimize: 0

[2026-03-03T16:17:52.941Z] No optimizations needed
[2026-03-03T16:17:52.941Z] ✓ Workflow complete (0s)
[2026-03-03T16:17:52.941Z] ✓ Step step_02_5 completed in 66ms
[2026-03-03T16:17:52.941Z] [DEBUG] [Performance] step_02_5: 66ms
[2026-03-03T16:17:52.941Z] [DEBUG] Recorded outcome for step_02_5: success
[2026-03-03T16:17:52.941Z] ✓ Completed: Documentation Optimization (0s)
