[2026-03-03T16:15:55.033Z] 
→ Starting: Bootstrap Documentation
[2026-03-03T16:15:55.034Z] [DEBUG] Step0bBootstrapDocs.execute()
[2026-03-03T16:15:55.034Z] ════════════════════════════════════════════════════════════
[2026-03-03T16:15:55.034Z] 🔷  Step 0b: Documentation Gap Analysis and Generation
[2026-03-03T16:15:55.034Z] ════════════════════════════════════════════════════════════
[2026-03-03T16:15:55.034Z] Phase 1: Gathering project statistics...
[2026-03-03T16:15:55.034Z] [DEBUG] Gathering project statistics by scanning files...
[2026-03-03T16:15:55.034Z] [DEBUG] Listing all files in the project directory...
[2026-03-03T16:15:55.034Z] [DEBUG] Project root: /home/mpb/Documents/GitHub/olinda_utils.js
[2026-03-03T16:15:55.039Z] [DEBUG] Total files found: 40
[2026-03-03T16:15:55.039Z] [DEBUG] Converting to relative paths...
[2026-03-03T16:15:55.040Z] Project has 11 documentation files and 11 source files
[2026-03-03T16:15:55.040Z] README.md size: 3584 bytes, Has CHANGELOG: true, Has docs/ directory: true
[2026-03-03T16:15:55.040Z] Phase 2: Evaluating documentation coverage...
[2026-03-03T16:15:55.040Z] Step 0b: Documentation coverage adequate - no bootstrap needed
[2026-03-03T16:15:55.041Z] ✓ Step step_0b completed in 8ms
[2026-03-03T16:15:55.042Z] [DEBUG] [Performance] step_0b: 8ms
[2026-03-03T16:15:55.042Z] [DEBUG] Recorded outcome for step_0b: success
[2026-03-03T16:15:55.042Z] ✓ Completed: Bootstrap Documentation (0s)
