[2026-03-03T23:54:54.228Z] 
→ Starting: Pre-Analysis
[2026-03-03T23:54:54.228Z] ════════════════════════════════════════════════════════════
[2026-03-03T23:54:54.228Z] 🔷  Step 0: Pre-Analysis - Analyzing Recent Changes
[2026-03-03T23:54:54.228Z] ════════════════════════════════════════════════════════════
[2026-03-03T23:54:54.242Z] Commits ahead of remote: 0
[2026-03-03T23:54:54.243Z] Modified files: 3
[2026-03-03T23:54:54.246Z] ✓ Project kind from config: nodejs_automation (configured)
[2026-03-03T23:54:54.254Z] ✓ Pre-analysis complete:
  • Commits ahead: 0
  • Modified files: 3
  • Change scope: mixed-changes
  • Documentation: 0 files
  • Tests: 0 files
  • Source: 0 files
  • Config: 0 files
  • Project kind: nodejs_automation (100% confidence)

[2026-03-03T23:54:54.258Z] ✓ Step step_00 completed in 31ms
[2026-03-03T23:54:54.258Z] [DEBUG] [Performance] step_00: 31ms
[2026-03-03T23:54:54.258Z] [DEBUG] Recorded outcome for step_00: success
[2026-03-03T23:54:54.258Z] ✓ Completed: Pre-Analysis (0s)
