[2026-03-03T23:54:54.258Z] 
→ Starting: Bootstrap Documentation
[2026-03-03T23:54:54.259Z] [DEBUG] Step0bBootstrapDocs.execute()
[2026-03-03T23:54:54.259Z] ════════════════════════════════════════════════════════════
[2026-03-03T23:54:54.259Z] 🔷  Step 0b: Documentation Gap Analysis and Generation
[2026-03-03T23:54:54.259Z] ════════════════════════════════════════════════════════════
[2026-03-03T23:54:54.259Z] Phase 1: Gathering project statistics...
[2026-03-03T23:54:54.259Z] [DEBUG] Gathering project statistics by scanning files...
[2026-03-03T23:54:54.259Z] [DEBUG] Listing all files in the project directory...
[2026-03-03T23:54:54.259Z] [DEBUG] Project root: /home/mpb/Documents/GitHub/olinda_utils.js
[2026-03-03T23:54:54.260Z] [DEBUG] Total files found: 118
[2026-03-03T23:54:54.260Z] [DEBUG] Converting to relative paths...
[2026-03-03T23:54:54.261Z] Project has 83 documentation files and 14 source files
[2026-03-03T23:54:54.261Z] README.md size: 3584 bytes, Has CHANGELOG: true, Has docs/ directory: true
[2026-03-03T23:54:54.261Z] Phase 2: Evaluating documentation coverage...
[2026-03-03T23:54:54.261Z] Step 0b: Documentation coverage adequate - no bootstrap needed
[2026-03-03T23:54:54.261Z] ✓ Step step_0b completed in 3ms
[2026-03-03T23:54:54.261Z] [DEBUG] [Performance] step_0b: 3ms
[2026-03-03T23:54:54.261Z] [DEBUG] Recorded outcome for step_0b: success
[2026-03-03T23:54:54.261Z] ✓ Completed: Bootstrap Documentation (0s)
