[2026-03-03T23:55:22.232Z] 
→ Starting: Documentation Optimization
[2026-03-03T23:55:22.232Z] Documentation optimization initialized
[2026-03-03T23:55:22.232Z] ════════════════════════════════════════════════════════════
[2026-03-03T23:55:22.233Z] 🔷  Step 2.5: Documentation Optimization
[2026-03-03T23:55:22.233Z] ════════════════════════════════════════════════════════════
[2026-03-03T23:55:22.233Z] Phase 1: Heuristics Analysis (6 files)
[2026-03-03T23:55:22.233Z] Calculating content hashes...
[2026-03-03T23:55:22.233Z] Found 0 duplicate groups (0 redundant files)
[2026-03-03T23:55:22.233Z] Analyzing document similarity...
[2026-03-03T23:55:22.236Z] Found 0 redundant pairs above 80% similarity
[2026-03-03T23:55:22.236Z] Found 0 exact duplicates, 0 redundant pairs
[2026-03-03T23:55:22.236Z] Phase 2: Git History Analysis
[2026-03-03T23:55:22.236Z] Analyzing git history for 6 files...
[2026-03-03T23:55:22.264Z] Completed git analysis for 6 files
[2026-03-03T23:55:22.264Z] Found 0 outdated files
[2026-03-03T23:55:22.264Z] Phase 3: Version Reference Analysis
[2026-03-03T23:55:22.265Z] Detected version from package.json: 0.3.2
[2026-03-03T23:55:22.265Z] Analyzing version references in 6 files (current: 0.3.2)...
[2026-03-03T23:55:22.266Z] Completed version analysis for 6 files
[2026-03-03T23:55:22.266Z] Version analysis complete (0 total outdated)
[2026-03-03T23:55:22.266Z] Phase 4: AI Edge Case Analysis (skipped - no AI analyzer)
[2026-03-03T23:55:22.266Z] Phase 5: Optimization Summary
[2026-03-03T23:55:22.266Z] 
📊 Analysis Results:
───────────────────
  Total files analyzed: 6
  Exact duplicates: 0
  Redundant pairs: 0
  Outdated files: 0
  Files to optimize: 0

[2026-03-03T23:55:22.266Z] No optimizations needed
[2026-03-03T23:55:22.266Z] ✓ Workflow complete (0s)
[2026-03-03T23:55:22.266Z] ✓ Step step_02_5 completed in 34ms
[2026-03-03T23:55:22.266Z] [DEBUG] [Performance] step_02_5: 34ms
[2026-03-03T23:55:22.266Z] [DEBUG] Recorded outcome for step_02_5: success
[2026-03-03T23:55:22.266Z] ✓ Completed: Documentation Optimization (0s)
