[2026-03-10T16:11:38.094Z] 
→ Starting: Documentation Optimization
[2026-03-10T16:11:38.094Z] Documentation optimization initialized
[2026-03-10T16:11:38.094Z] ════════════════════════════════════════════════════════════
[2026-03-10T16:11:38.094Z] 🔷  Step 2.5: Documentation Optimization
[2026-03-10T16:11:38.094Z] ════════════════════════════════════════════════════════════
[2026-03-10T16:11:38.105Z] Phase 1: Heuristics Analysis (7 files)
[2026-03-10T16:11:38.106Z] Calculating content hashes...
[2026-03-10T16:11:38.107Z] Found 0 duplicate groups (0 redundant files)
[2026-03-10T16:11:38.107Z] Analyzing document similarity...
[2026-03-10T16:11:38.111Z] Found 0 redundant pairs above 80% similarity
[2026-03-10T16:11:38.111Z] Found 0 exact duplicates, 0 redundant pairs
[2026-03-10T16:11:38.111Z] Phase 2: Git History Analysis
[2026-03-10T16:11:38.111Z] Analyzing git history for 7 files...
[2026-03-10T16:11:38.163Z] Completed git analysis for 7 files
[2026-03-10T16:11:38.163Z] Found 0 outdated files
[2026-03-10T16:11:38.163Z] Phase 3: Version Reference Analysis
[2026-03-10T16:11:38.163Z] Detected version from package.json: 0.3.13
[2026-03-10T16:11:38.164Z] Analyzing version references in 7 files (current: 0.3.13)...
[2026-03-10T16:11:38.165Z] Completed version analysis for 7 files
[2026-03-10T16:11:38.165Z] Version analysis complete (0 total outdated)
[2026-03-10T16:11:38.166Z] Phase 4: AI Edge Case Analysis (skipped - no AI analyzer)
[2026-03-10T16:11:38.166Z] Phase 5: Optimization Summary
[2026-03-10T16:11:38.166Z] 
📊 Analysis Results:
───────────────────
  Total files analyzed: 7
  Exact duplicates: 0
  Redundant pairs: 0
  Outdated files: 0
  Files to optimize: 0

[2026-03-10T16:11:38.166Z] No optimizations needed
[2026-03-10T16:11:38.166Z] ✓ Workflow complete (0s)
[2026-03-10T16:11:38.166Z] ✓ Step step_02_5 completed in 72ms
[2026-03-10T16:11:38.166Z] [DEBUG] [Performance] step_02_5: 72ms
[2026-03-10T16:11:38.166Z] [DEBUG] Recorded outcome for step_02_5: success
[2026-03-10T16:11:38.166Z] ✓ Completed: Documentation Optimization (0s)
