[2026-03-10T16:10:48.726Z] 
→ Starting: Pre-Analysis
[2026-03-10T16:10:48.726Z] ════════════════════════════════════════════════════════════
[2026-03-10T16:10:48.726Z] 🔷  Step 0: Pre-Analysis - Analyzing Recent Changes
[2026-03-10T16:10:48.726Z] ════════════════════════════════════════════════════════════
[2026-03-10T16:10:48.742Z] Commits ahead of remote: 0
[2026-03-10T16:10:48.742Z] Modified files: 1
[2026-03-10T16:10:48.764Z] ✓ Project kind from config: nodejs_automation (configured)
[2026-03-10T16:10:48.780Z] ✓ Pre-analysis complete:
  • Commits ahead: 0
  • Modified files: 1
  • Change scope: mixed-changes
  • Documentation: 0 files
  • Tests: 0 files
  • Source: 0 files
  • Config: 0 files
  • Project kind: nodejs_automation (100% confidence)

[2026-03-10T16:10:48.783Z] ✓ Step step_00 completed in 58ms
[2026-03-10T16:10:48.784Z] [DEBUG] [Performance] step_00: 59ms
[2026-03-10T16:10:48.784Z] [DEBUG] Recorded outcome for step_00: success
[2026-03-10T16:10:48.784Z] ✓ Completed: Pre-Analysis (0s)
