[2026-03-03T14:48:10.121Z] ━━━━━━━━━━━━━━━━━━━━━━━━━━━━━━━━━━━━━━━━
[2026-03-03T14:48:10.122Z]   AI Workflow Automation - Starting
[2026-03-03T14:48:10.122Z] ━━━━━━━━━━━━━━━━━━━━━━━━━━━━━━━━━━━━━━━━
[2026-03-03T14:48:10.122Z] Stage: full
[2026-03-03T14:48:10.122Z] Mode: interactive
[2026-03-03T14:48:10.122Z] Detecting workflow profile based on changes...
[2026-03-03T14:48:10.135Z] Detected profile: infrastructure
[2026-03-03T14:48:10.135Z]   Changed files: 34 (docs: 2, code: 0, tests: 0, infra: 1, other: 31)
[2026-03-03T14:48:10.135Z] Profile: infrastructure
[2026-03-03T14:48:10.136Z] Performing health checks...
[2026-03-03T14:48:10.136Z] ✓ All health checks passed
[2026-03-03T14:48:10.136Z] Registering workflow steps...
[2026-03-03T14:48:10.138Z] [DEBUG] Registered step: step_00
[2026-03-03T14:48:10.138Z] [DEBUG] Registered step: step_0b
[2026-03-03T14:48:10.139Z] [DEBUG] Registered step: step_01
[2026-03-03T14:48:10.139Z] [DEBUG] Registered step: step_02
[2026-03-03T14:48:10.139Z] [DEBUG] Registered step: step_02_5
[2026-03-03T14:48:10.139Z] [DEBUG] Registered step: step_03
[2026-03-03T14:48:10.139Z] [DEBUG] Registered step: step_04
[2026-03-03T14:48:10.139Z] [DEBUG] Registered step: step_05
[2026-03-03T14:48:10.139Z] [DEBUG] Registered step: step_06
[2026-03-03T14:48:10.139Z] [DEBUG] Registered step: step_07
[2026-03-03T14:48:10.139Z] [DEBUG] Registered step: step_08
[2026-03-03T14:48:10.139Z] [DEBUG] Registered step: step_09
[2026-03-03T14:48:10.139Z] [DEBUG] Registered step: step_10
[2026-03-03T14:48:10.139Z] [DEBUG] Registered step: step_11
[2026-03-03T14:48:10.139Z] [DEBUG] Registered step: step_11_5
[2026-03-03T14:48:10.139Z] [DEBUG] Registered step: step_11_6
[2026-03-03T14:48:10.139Z] [DEBUG] Registered step: step_13
[2026-03-03T14:48:10.139Z] [DEBUG] Registered step: step_14
[2026-03-03T14:48:10.139Z] [DEBUG] Registered step: step_15
[2026-03-03T14:48:10.139Z] [DEBUG] Registered step: step_16
[2026-03-03T14:48:10.139Z] [DEBUG] Registered step: step_18
[2026-03-03T14:48:10.139Z] [DEBUG] Registered step: step_17
[2026-03-03T14:48:10.139Z] [DEBUG] Registered step: step_0f
[2026-03-03T14:48:10.139Z] [DEBUG] Registered step: step_12
[2026-03-03T14:48:10.139Z] ✓ Registered 24 workflow steps
[2026-03-03T14:48:10.140Z] Executing 24 steps for stage: full
[2026-03-03T14:48:10.140Z] [DEBUG] [CommitHistory] Loaded history; lastRunCommit=cb5f1ec1d86dbc8cded102e0508f4018da0edf72
[2026-03-03T14:48:10.156Z] [CommitHistory] 2 file(s) changed since last run (cb5f1ec)
[2026-03-03T14:48:10.167Z] Full optimization: Analyzing changes...
[2026-03-03T14:48:10.169Z] Docs-only analysis: NO (5.56% docs, 0% faster)
[2026-03-03T14:48:10.172Z] Code optimization: backend (0 steps skipped)
[2026-03-03T14:48:10.172Z] Full optimization: Selected strategy 'standard' (confidence: 30%)
[2026-03-03T14:48:10.173Z] 
Starting workflow execution...

[2026-03-03T14:48:10.202Z] [DEBUG] No model file found, starting fresh
