[2026-03-10T16:04:06.463Z] 
→ Starting: Pre-Analysis
[2026-03-10T16:04:06.463Z] ════════════════════════════════════════════════════════════
[2026-03-10T16:04:06.463Z] 🔷  Step 0: Pre-Analysis - Analyzing Recent Changes
[2026-03-10T16:04:06.463Z] ════════════════════════════════════════════════════════════
[2026-03-10T16:04:06.482Z] Commits ahead of remote: 0
[2026-03-10T16:04:06.482Z] Modified files: 4
[2026-03-10T16:04:06.499Z] ✓ Project kind from config: nodejs_automation (configured)
[2026-03-10T16:04:06.516Z] ✓ Pre-analysis complete:
  • Commits ahead: 0
  • Modified files: 4
  • Change scope: mixed-changes
  • Documentation: 0 files
  • Tests: 0 files
  • Source: 0 files
  • Config: 0 files
  • Project kind: nodejs_automation (100% confidence)

[2026-03-10T16:04:06.520Z] ✓ Step step_00 completed in 57ms
[2026-03-10T16:04:06.520Z] [DEBUG] [Performance] step_00: 57ms
[2026-03-10T16:04:06.520Z] [DEBUG] Recorded outcome for step_00: success
[2026-03-10T16:04:06.520Z] ✓ Completed: Pre-Analysis (0s)
