[2026-03-10T16:04:06.521Z] 
→ Starting: Bootstrap Documentation
[2026-03-10T16:04:06.521Z] [DEBUG] Step0bBootstrapDocs.execute()
[2026-03-10T16:04:06.521Z] ════════════════════════════════════════════════════════════
[2026-03-10T16:04:06.521Z] 🔷  Step 0b: Documentation Gap Analysis and Generation
[2026-03-10T16:04:06.521Z] ════════════════════════════════════════════════════════════
[2026-03-10T16:04:06.521Z] Phase 1: Gathering project statistics...
[2026-03-10T16:04:06.521Z] [DEBUG] Gathering project statistics by scanning files...
[2026-03-10T16:04:06.521Z] [DEBUG] Listing all files in the project directory...
[2026-03-10T16:04:06.521Z] [DEBUG] Project root: /home/mpb/Documents/GitHub/olinda_utils.js
[2026-03-10T16:04:06.527Z] [DEBUG] Total files found: 230
[2026-03-10T16:04:06.527Z] [DEBUG] Converting to relative paths...
[2026-03-10T16:04:06.528Z] Project has 182 documentation files and 25 source files
[2026-03-10T16:04:06.528Z] README.md size: 4412 bytes, Has CHANGELOG: true, Has docs/ directory: true
[2026-03-10T16:04:06.528Z] Phase 2: Evaluating documentation coverage...
[2026-03-10T16:04:06.528Z] Step 0b: Documentation coverage adequate - no bootstrap needed
[2026-03-10T16:04:06.528Z] ✓ Step step_0b completed in 7ms
[2026-03-10T16:04:06.528Z] [DEBUG] [Performance] step_0b: 7ms
[2026-03-10T16:04:06.528Z] [DEBUG] Recorded outcome for step_0b: success
[2026-03-10T16:04:06.528Z] ✓ Completed: Bootstrap Documentation (0s)
