[2026-03-10T16:05:03.739Z] 
→ Starting: Documentation Optimization
[2026-03-10T16:05:03.740Z] Documentation optimization initialized
[2026-03-10T16:05:03.740Z] ════════════════════════════════════════════════════════════
[2026-03-10T16:05:03.740Z] 🔷  Step 2.5: Documentation Optimization
[2026-03-10T16:05:03.740Z] ════════════════════════════════════════════════════════════
[2026-03-10T16:05:03.750Z] Phase 1: Heuristics Analysis (7 files)
[2026-03-10T16:05:03.750Z] Calculating content hashes...
[2026-03-10T16:05:03.750Z] Found 0 duplicate groups (0 redundant files)
[2026-03-10T16:05:03.750Z] Analyzing document similarity...
[2026-03-10T16:05:03.754Z] Found 0 redundant pairs above 80% similarity
[2026-03-10T16:05:03.754Z] Found 0 exact duplicates, 0 redundant pairs
[2026-03-10T16:05:03.755Z] Phase 2: Git History Analysis
[2026-03-10T16:05:03.755Z] Analyzing git history for 7 files...
[2026-03-10T16:05:03.800Z] Completed git analysis for 7 files
[2026-03-10T16:05:03.801Z] Found 0 outdated files
[2026-03-10T16:05:03.801Z] Phase 3: Version Reference Analysis
[2026-03-10T16:05:03.802Z] Detected version from package.json: 0.3.12
[2026-03-10T16:05:03.802Z] Analyzing version references in 7 files (current: 0.3.12)...
[2026-03-10T16:05:03.805Z] Completed version analysis for 7 files
[2026-03-10T16:05:03.805Z] Version analysis complete (0 total outdated)
[2026-03-10T16:05:03.806Z] Phase 4: AI Edge Case Analysis (skipped - no AI analyzer)
[2026-03-10T16:05:03.806Z] Phase 5: Optimization Summary
[2026-03-10T16:05:03.806Z] 
📊 Analysis Results:
───────────────────
  Total files analyzed: 7
  Exact duplicates: 0
  Redundant pairs: 0
  Outdated files: 0
  Files to optimize: 0

[2026-03-10T16:05:03.806Z] No optimizations needed
[2026-03-10T16:05:03.806Z] ✓ Workflow complete (0s)
[2026-03-10T16:05:03.806Z] ✓ Step step_02_5 completed in 67ms
[2026-03-10T16:05:03.806Z] [DEBUG] [Performance] step_02_5: 67ms
[2026-03-10T16:05:03.806Z] [DEBUG] Recorded outcome for step_02_5: success
[2026-03-10T16:05:03.806Z] ✓ Completed: Documentation Optimization (0s)
